Determining if the function crc32c_value exists in the crc32c failed with the following output:
Change Dir: /users/mikuru/leveldb_revised/build/CMakeFiles/CMakeTmp

Run Build Command:"/usr/bin/make" "cmTC_327a9/fast"
/usr/bin/make -f CMakeFiles/cmTC_327a9.dir/build.make CMakeFiles/cmTC_327a9.dir/build
make[1]: Entering directory '/users/mikuru/leveldb_revised/build/CMakeFiles/CMakeTmp'
Building C object CMakeFiles/cmTC_327a9.dir/CheckFunctionExists.c.o
/usr/bin/cc   -DCHECK_FUNCTION_EXISTS=crc32c_value   -std=c11 -o CMakeFiles/cmTC_327a9.dir/CheckFunctionExists.c.o   -c /usr/share/cmake-3.10/Modules/CheckFunctionExists.c
Linking C executable cmTC_327a9
/usr/bin/cmake -E cmake_link_script CMakeFiles/cmTC_327a9.dir/link.txt --verbose=1
/usr/bin/cc  -DCHECK_FUNCTION_EXISTS=crc32c_value    CMakeFiles/cmTC_327a9.dir/CheckFunctionExists.c.o  -o cmTC_327a9 -lcrc32c 
/usr/bin/ld: cannot find -lcrc32c
collect2: error: ld returned 1 exit status
CMakeFiles/cmTC_327a9.dir/build.make:97: recipe for target 'cmTC_327a9' failed
make[1]: *** [cmTC_327a9] Error 1
make[1]: Leaving directory '/users/mikuru/leveldb_revised/build/CMakeFiles/CMakeTmp'
Makefile:126: recipe for target 'cmTC_327a9/fast' failed
make: *** [cmTC_327a9/fast] Error 2


Determining if the function malloc exists in the tcmalloc failed with the following output:
Change Dir: /users/mikuru/leveldb_revised/build/CMakeFiles/CMakeTmp

Run Build Command:"/usr/bin/make" "cmTC_6b084/fast"
/usr/bin/make -f CMakeFiles/cmTC_6b084.dir/build.make CMakeFiles/cmTC_6b084.dir/build
make[1]: Entering directory '/users/mikuru/leveldb_revised/build/CMakeFiles/CMakeTmp'
Building C object CMakeFiles/cmTC_6b084.dir/CheckFunctionExists.c.o
/usr/bin/cc   -DCHECK_FUNCTION_EXISTS=malloc   -std=c11 -o CMakeFiles/cmTC_6b084.dir/CheckFunctionExists.c.o   -c /usr/share/cmake-3.10/Modules/CheckFunctionExists.c
<command-line>:0:23: warning: conflicting types for built-in function ‘malloc’ [-Wbuiltin-declaration-mismatch]
/usr/share/cmake-3.10/Modules/CheckFunctionExists.c:7:3: note: in expansion of macro ‘CHECK_FUNCTION_EXISTS’
   CHECK_FUNCTION_EXISTS(void);
   ^~~~~~~~~~~~~~~~~~~~~
Linking C executable cmTC_6b084
/usr/bin/cmake -E cmake_link_script CMakeFiles/cmTC_6b084.dir/link.txt --verbose=1
/usr/bin/cc  -DCHECK_FUNCTION_EXISTS=malloc    CMakeFiles/cmTC_6b084.dir/CheckFunctionExists.c.o  -o cmTC_6b084 -ltcmalloc 
/usr/bin/ld: cannot find -ltcmalloc
collect2: error: ld returned 1 exit status
CMakeFiles/cmTC_6b084.dir/build.make:97: recipe for target 'cmTC_6b084' failed
make[1]: *** [cmTC_6b084] Error 1
make[1]: Leaving directory '/users/mikuru/leveldb_revised/build/CMakeFiles/CMakeTmp'
Makefile:126: recipe for target 'cmTC_6b084/fast' failed
make: *** [cmTC_6b084/fast] Error 2


Determining if the F_FULLFSYNC exist failed with the following output:
Change Dir: /users/mikuru/leveldb_revised/build/CMakeFiles/CMakeTmp

Run Build Command:"/usr/bin/make" "cmTC_8cddc/fast"
/usr/bin/make -f CMakeFiles/cmTC_8cddc.dir/build.make CMakeFiles/cmTC_8cddc.dir/build
make[1]: Entering directory '/users/mikuru/leveldb_revised/build/CMakeFiles/CMakeTmp'
Building CXX object CMakeFiles/cmTC_8cddc.dir/CheckSymbolExists.cxx.o
/usr/bin/c++    -std=c++11 -o CMakeFiles/cmTC_8cddc.dir/CheckSymbolExists.cxx.o -c /users/mikuru/leveldb_revised/build/CMakeFiles/CMakeTmp/CheckSymbolExists.cxx
/users/mikuru/leveldb_revised/build/CMakeFiles/CMakeTmp/CheckSymbolExists.cxx: In function ‘int main(int, char**)’:
/users/mikuru/leveldb_revised/build/CMakeFiles/CMakeTmp/CheckSymbolExists.cxx:8:19: error: ‘F_FULLFSYNC’ was not declared in this scope
   return ((int*)(&F_FULLFSYNC))[argc];
                   ^~~~~~~~~~~
/users/mikuru/leveldb_revised/build/CMakeFiles/CMakeTmp/CheckSymbolExists.cxx:8:19: note: suggested alternative: ‘O_FSYNC’
   return ((int*)(&F_FULLFSYNC))[argc];
                   ^~~~~~~~~~~
                   O_FSYNC
CMakeFiles/cmTC_8cddc.dir/build.make:65: recipe for target 'CMakeFiles/cmTC_8cddc.dir/CheckSymbolExists.cxx.o' failed
make[1]: *** [CMakeFiles/cmTC_8cddc.dir/CheckSymbolExists.cxx.o] Error 1
make[1]: Leaving directory '/users/mikuru/leveldb_revised/build/CMakeFiles/CMakeTmp'
Makefile:126: recipe for target 'cmTC_8cddc/fast' failed
make: *** [cmTC_8cddc/fast] Error 2

File /users/mikuru/leveldb_revised/build/CMakeFiles/CMakeTmp/CheckSymbolExists.cxx:
/* */
#include <fcntl.h>

int main(int argc, char** argv)
{
  (void)argv;
#ifndef F_FULLFSYNC
  return ((int*)(&F_FULLFSYNC))[argc];
#else
  (void)argc;
  return 0;
#endif
}

Performing C++ SOURCE FILE Test HAVE_CLANG_THREAD_SAFETY failed with the following output:
Change Dir: /users/mikuru/leveldb_revised/build/CMakeFiles/CMakeTmp

Run Build Command:"/usr/bin/make" "cmTC_6312e/fast"
/usr/bin/make -f CMakeFiles/cmTC_6312e.dir/build.make CMakeFiles/cmTC_6312e.dir/build
make[1]: Entering directory '/users/mikuru/leveldb_revised/build/CMakeFiles/CMakeTmp'
Building CXX object CMakeFiles/cmTC_6312e.dir/src.cxx.o
/usr/bin/c++    -fno-exceptions -fno-rtti -DHAVE_CLANG_THREAD_SAFETY   -Wthread-safety -std=c++11 -o CMakeFiles/cmTC_6312e.dir/src.cxx.o -c /users/mikuru/leveldb_revised/build/CMakeFiles/CMakeTmp/src.cxx
c++: error: unrecognized command line option '-Wthread-safety'; did you mean '-fthread-jumps'?
CMakeFiles/cmTC_6312e.dir/build.make:65: recipe for target 'CMakeFiles/cmTC_6312e.dir/src.cxx.o' failed
make[1]: *** [CMakeFiles/cmTC_6312e.dir/src.cxx.o] Error 1
make[1]: Leaving directory '/users/mikuru/leveldb_revised/build/CMakeFiles/CMakeTmp'
Makefile:126: recipe for target 'cmTC_6312e/fast' failed
make: *** [cmTC_6312e/fast] Error 2

Source file was:
int main() { return 0; }
Determining if the pthread_create exist failed with the following output:
Change Dir: /users/mikuru/leveldb_revised/build/CMakeFiles/CMakeTmp

Run Build Command:"/usr/bin/make" "cmTC_88f4e/fast"
/usr/bin/make -f CMakeFiles/cmTC_88f4e.dir/build.make CMakeFiles/cmTC_88f4e.dir/build
make[1]: Entering directory '/users/mikuru/leveldb_revised/build/CMakeFiles/CMakeTmp'
Building C object CMakeFiles/cmTC_88f4e.dir/CheckSymbolExists.c.o
/usr/bin/cc   -Wstrict-prototypes    -std=c11 -o CMakeFiles/cmTC_88f4e.dir/CheckSymbolExists.c.o   -c /users/mikuru/leveldb_revised/build/CMakeFiles/CMakeTmp/CheckSymbolExists.c
Linking C executable cmTC_88f4e
/usr/bin/cmake -E cmake_link_script CMakeFiles/cmTC_88f4e.dir/link.txt --verbose=1
/usr/bin/cc  -Wstrict-prototypes     CMakeFiles/cmTC_88f4e.dir/CheckSymbolExists.c.o  -o cmTC_88f4e 
CMakeFiles/cmTC_88f4e.dir/CheckSymbolExists.c.o: In function `main':
CheckSymbolExists.c:(.text+0x14): undefined reference to `pthread_create'
CheckSymbolExists.c:(.text+0x18): undefined reference to `pthread_create'
collect2: error: ld returned 1 exit status
CMakeFiles/cmTC_88f4e.dir/build.make:97: recipe for target 'cmTC_88f4e' failed
make[1]: *** [cmTC_88f4e] Error 1
make[1]: Leaving directory '/users/mikuru/leveldb_revised/build/CMakeFiles/CMakeTmp'
Makefile:126: recipe for target 'cmTC_88f4e/fast' failed
make: *** [cmTC_88f4e/fast] Error 2

File /users/mikuru/leveldb_revised/build/CMakeFiles/CMakeTmp/CheckSymbolExists.c:
/* */
#include <pthread.h>

int main(int argc, char** argv)
{
  (void)argv;
#ifndef pthread_create
  return ((int*)(&pthread_create))[argc];
#else
  (void)argc;
  return 0;
#endif
}

Determining if the function pthread_create exists in the pthreads failed with the following output:
Change Dir: /users/mikuru/leveldb_revised/build/CMakeFiles/CMakeTmp

Run Build Command:"/usr/bin/make" "cmTC_9ce06/fast"
/usr/bin/make -f CMakeFiles/cmTC_9ce06.dir/build.make CMakeFiles/cmTC_9ce06.dir/build
make[1]: Entering directory '/users/mikuru/leveldb_revised/build/CMakeFiles/CMakeTmp'
Building C object CMakeFiles/cmTC_9ce06.dir/CheckFunctionExists.c.o
/usr/bin/cc   -Wstrict-prototypes -DCHECK_FUNCTION_EXISTS=pthread_create   -std=c11 -o CMakeFiles/cmTC_9ce06.dir/CheckFunctionExists.c.o   -c /usr/share/cmake-3.10/Modules/CheckFunctionExists.c
Linking C executable cmTC_9ce06
/usr/bin/cmake -E cmake_link_script CMakeFiles/cmTC_9ce06.dir/link.txt --verbose=1
/usr/bin/cc  -Wstrict-prototypes -DCHECK_FUNCTION_EXISTS=pthread_create    CMakeFiles/cmTC_9ce06.dir/CheckFunctionExists.c.o  -o cmTC_9ce06 -lpthreads 
/usr/bin/ld: cannot find -lpthreads
collect2: error: ld returned 1 exit status
CMakeFiles/cmTC_9ce06.dir/build.make:97: recipe for target 'cmTC_9ce06' failed
make[1]: *** [cmTC_9ce06] Error 1
make[1]: Leaving directory '/users/mikuru/leveldb_revised/build/CMakeFiles/CMakeTmp'
Makefile:126: recipe for target 'cmTC_9ce06/fast' failed
make: *** [cmTC_9ce06/fast] Error 2


Performing C++ SOURCE FILE Test HAVE_CXX_FLAG_WSHORTEN_64_TO_32 failed with the following output:
Change Dir: /users/mikuru/leveldb_revised/build/CMakeFiles/CMakeTmp

Run Build Command:"/usr/bin/make" "cmTC_eb666/fast"
/usr/bin/make -f CMakeFiles/cmTC_eb666.dir/build.make CMakeFiles/cmTC_eb666.dir/build
make[1]: Entering directory '/users/mikuru/leveldb_revised/build/CMakeFiles/CMakeTmp'
Building CXX object CMakeFiles/cmTC_eb666.dir/src.cxx.o
/usr/bin/c++    -fno-exceptions -fno-rtti  -std=c++11  -Wall  -Wextra  -Wshadow -DHAVE_CXX_FLAG_WSHORTEN_64_TO_32  -Wshorten-64-to-32   -Wshorten-64-to-32 -o CMakeFiles/cmTC_eb666.dir/src.cxx.o -c /users/mikuru/leveldb_revised/build/CMakeFiles/CMakeTmp/src.cxx
c++: error: unrecognized command line option '-Wshorten-64-to-32'
c++: error: unrecognized command line option '-Wshorten-64-to-32'
CMakeFiles/cmTC_eb666.dir/build.make:65: recipe for target 'CMakeFiles/cmTC_eb666.dir/src.cxx.o' failed
make[1]: *** [CMakeFiles/cmTC_eb666.dir/src.cxx.o] Error 1
make[1]: Leaving directory '/users/mikuru/leveldb_revised/build/CMakeFiles/CMakeTmp'
Makefile:126: recipe for target 'cmTC_eb666/fast' failed
make: *** [cmTC_eb666/fast] Error 2

Source file was:
int main() { return 0; }
Performing C++ SOURCE FILE Test HAVE_CXX_FLAG_WD654 failed with the following output:
Change Dir: /users/mikuru/leveldb_revised/build/CMakeFiles/CMakeTmp

Run Build Command:"/usr/bin/make" "cmTC_3d10e/fast"
/usr/bin/make -f CMakeFiles/cmTC_3d10e.dir/build.make CMakeFiles/cmTC_3d10e.dir/build
make[1]: Entering directory '/users/mikuru/leveldb_revised/build/CMakeFiles/CMakeTmp'
Building CXX object CMakeFiles/cmTC_3d10e.dir/src.cxx.o
/usr/bin/c++    -fno-exceptions -fno-rtti  -std=c++11  -Wall  -Wextra  -Wshadow  -fstrict-aliasing  -Wno-deprecated-declarations  -fno-exceptions  -Wstrict-aliasing -DHAVE_CXX_FLAG_WD654  -wd654   -wd654 -o CMakeFiles/cmTC_3d10e.dir/src.cxx.o -c /users/mikuru/leveldb_revised/build/CMakeFiles/CMakeTmp/src.cxx
c++: error: unrecognized command line option '-wd654'
c++: error: unrecognized command line option '-wd654'
CMakeFiles/cmTC_3d10e.dir/build.make:65: recipe for target 'CMakeFiles/cmTC_3d10e.dir/src.cxx.o' failed
make[1]: *** [CMakeFiles/cmTC_3d10e.dir/src.cxx.o] Error 1
make[1]: Leaving directory '/users/mikuru/leveldb_revised/build/CMakeFiles/CMakeTmp'
Makefile:126: recipe for target 'cmTC_3d10e/fast' failed
make: *** [cmTC_3d10e/fast] Error 2

Source file was:
int main() { return 0; }
Performing C++ SOURCE FILE Test HAVE_CXX_FLAG_WTHREAD_SAFETY failed with the following output:
Change Dir: /users/mikuru/leveldb_revised/build/CMakeFiles/CMakeTmp

Run Build Command:"/usr/bin/make" "cmTC_e4899/fast"
/usr/bin/make -f CMakeFiles/cmTC_e4899.dir/build.make CMakeFiles/cmTC_e4899.dir/build
make[1]: Entering directory '/users/mikuru/leveldb_revised/build/CMakeFiles/CMakeTmp'
Building CXX object CMakeFiles/cmTC_e4899.dir/src.cxx.o
/usr/bin/c++    -fno-exceptions -fno-rtti  -std=c++11  -Wall  -Wextra  -Wshadow  -fstrict-aliasing  -Wno-deprecated-declarations  -fno-exceptions  -Wstrict-aliasing -DHAVE_CXX_FLAG_WTHREAD_SAFETY  -Wthread-safety   -Wthread-safety -o CMakeFiles/cmTC_e4899.dir/src.cxx.o -c /users/mikuru/leveldb_revised/build/CMakeFiles/CMakeTmp/src.cxx
c++: error: unrecognized command line option '-Wthread-safety'; did you mean '-fthread-jumps'?
c++: error: unrecognized command line option '-Wthread-safety'; did you mean '-fthread-jumps'?
CMakeFiles/cmTC_e4899.dir/build.make:65: recipe for target 'CMakeFiles/cmTC_e4899.dir/src.cxx.o' failed
make[1]: *** [CMakeFiles/cmTC_e4899.dir/src.cxx.o] Error 1
make[1]: Leaving directory '/users/mikuru/leveldb_revised/build/CMakeFiles/CMakeTmp'
Makefile:126: recipe for target 'cmTC_e4899/fast' failed
make: *** [cmTC_e4899/fast] Error 2

Source file was:
int main() { return 0; }
Determining if the function sqlite3_open exists in the sqlite3 failed with the following output:
Change Dir: /users/mikuru/leveldb_revised/build/CMakeFiles/CMakeTmp

Run Build Command:"/usr/bin/make" "cmTC_db688/fast"
/usr/bin/make -f CMakeFiles/cmTC_db688.dir/build.make CMakeFiles/cmTC_db688.dir/build
make[1]: Entering directory '/users/mikuru/leveldb_revised/build/CMakeFiles/CMakeTmp'
Building C object CMakeFiles/cmTC_db688.dir/CheckFunctionExists.c.o
/usr/bin/cc   -Wstrict-prototypes -DCHECK_FUNCTION_EXISTS=sqlite3_open   -o CMakeFiles/cmTC_db688.dir/CheckFunctionExists.c.o   -c /usr/share/cmake-3.10/Modules/CheckFunctionExists.c
Linking C executable cmTC_db688
/usr/bin/cmake -E cmake_link_script CMakeFiles/cmTC_db688.dir/link.txt --verbose=1
/usr/bin/cc  -Wstrict-prototypes -DCHECK_FUNCTION_EXISTS=sqlite3_open    CMakeFiles/cmTC_db688.dir/CheckFunctionExists.c.o  -o cmTC_db688 -lsqlite3 
/usr/bin/ld: cannot find -lsqlite3
collect2: error: ld returned 1 exit status
CMakeFiles/cmTC_db688.dir/build.make:97: recipe for target 'cmTC_db688' failed
make[1]: *** [cmTC_db688] Error 1
make[1]: Leaving directory '/users/mikuru/leveldb_revised/build/CMakeFiles/CMakeTmp'
Makefile:126: recipe for target 'cmTC_db688/fast' failed
make: *** [cmTC_db688/fast] Error 2


Performing C++ SOURCE FILE Test HAVE_KYOTOCABINET failed with the following output:
Change Dir: /users/mikuru/leveldb_revised/build/CMakeFiles/CMakeTmp

Run Build Command:"/usr/bin/make" "cmTC_54720/fast"
/usr/bin/make -f CMakeFiles/cmTC_54720.dir/build.make CMakeFiles/cmTC_54720.dir/build
make[1]: Entering directory '/users/mikuru/leveldb_revised/build/CMakeFiles/CMakeTmp'
Building CXX object CMakeFiles/cmTC_54720.dir/src.cxx.o
/usr/bin/c++    -fno-exceptions -fno-rtti -DHAVE_KYOTOCABINET   -o CMakeFiles/cmTC_54720.dir/src.cxx.o -c /users/mikuru/leveldb_revised/build/CMakeFiles/CMakeTmp/src.cxx
/users/mikuru/leveldb_revised/build/CMakeFiles/CMakeTmp/src.cxx:2:10: fatal error: kcpolydb.h: No such file or directory
 #include <kcpolydb.h>
          ^~~~~~~~~~~~
compilation terminated.
CMakeFiles/cmTC_54720.dir/build.make:65: recipe for target 'CMakeFiles/cmTC_54720.dir/src.cxx.o' failed
make[1]: *** [CMakeFiles/cmTC_54720.dir/src.cxx.o] Error 1
make[1]: Leaving directory '/users/mikuru/leveldb_revised/build/CMakeFiles/CMakeTmp'
Makefile:126: recipe for target 'cmTC_54720/fast' failed
make: *** [cmTC_54720/fast] Error 2

Source file was:

#include <kcpolydb.h>

int main() {
  kyotocabinet::TreeDB* db = new kyotocabinet::TreeDB();
  delete db;
  return 0;
}
  
