The system is: Linux - 4.15.0-137-generic - aarch64
Compiling the C compiler identification source file "CMakeCCompilerId.c" succeeded.
Compiler: /usr/bin/cc 
Build flags: 
Id flags:  

The output was:
0


Compilation of the C compiler identification source "CMakeCCompilerId.c" produced "a.out"

The C compiler identification is GNU, found in "/users/mikuru/leveldb_revised/build/CMakeFiles/3.10.2/CompilerIdC/a.out"

Compiling the CXX compiler identification source file "CMakeCXXCompilerId.cpp" succeeded.
Compiler: /usr/bin/c++ 
Build flags: 
Id flags:  

The output was:
0


Compilation of the CXX compiler identification source "CMakeCXXCompilerId.cpp" produced "a.out"

The CXX compiler identification is GNU, found in "/users/mikuru/leveldb_revised/build/CMakeFiles/3.10.2/CompilerIdCXX/a.out"

Determining if the C compiler works passed with the following output:
Change Dir: /users/mikuru/leveldb_revised/build/CMakeFiles/CMakeTmp

Run Build Command:"/usr/bin/make" "cmTC_56167/fast"
/usr/bin/make -f CMakeFiles/cmTC_56167.dir/build.make CMakeFiles/cmTC_56167.dir/build
make[1]: Entering directory '/users/mikuru/leveldb_revised/build/CMakeFiles/CMakeTmp'
Building C object CMakeFiles/cmTC_56167.dir/testCCompiler.c.o
/usr/bin/cc    -o CMakeFiles/cmTC_56167.dir/testCCompiler.c.o   -c /users/mikuru/leveldb_revised/build/CMakeFiles/CMakeTmp/testCCompiler.c
Linking C executable cmTC_56167
/usr/bin/cmake -E cmake_link_script CMakeFiles/cmTC_56167.dir/link.txt --verbose=1
/usr/bin/cc      CMakeFiles/cmTC_56167.dir/testCCompiler.c.o  -o cmTC_56167 
make[1]: Leaving directory '/users/mikuru/leveldb_revised/build/CMakeFiles/CMakeTmp'


Detecting C compiler ABI info compiled with the following output:
Change Dir: /users/mikuru/leveldb_revised/build/CMakeFiles/CMakeTmp

Run Build Command:"/usr/bin/make" "cmTC_e6f79/fast"
/usr/bin/make -f CMakeFiles/cmTC_e6f79.dir/build.make CMakeFiles/cmTC_e6f79.dir/build
make[1]: Entering directory '/users/mikuru/leveldb_revised/build/CMakeFiles/CMakeTmp'
Building C object CMakeFiles/cmTC_e6f79.dir/CMakeCCompilerABI.c.o
/usr/bin/cc    -o CMakeFiles/cmTC_e6f79.dir/CMakeCCompilerABI.c.o   -c /usr/share/cmake-3.10/Modules/CMakeCCompilerABI.c
Linking C executable cmTC_e6f79
/usr/bin/cmake -E cmake_link_script CMakeFiles/cmTC_e6f79.dir/link.txt --verbose=1
/usr/bin/cc     -v CMakeFiles/cmTC_e6f79.dir/CMakeCCompilerABI.c.o  -o cmTC_e6f79 
Using built-in specs.
COLLECT_GCC=/usr/bin/cc
COLLECT_LTO_WRAPPER=/usr/lib/gcc/aarch64-linux-gnu/7/lto-wrapper
Target: aarch64-linux-gnu
Configured with: ../src/configure -v --with-pkgversion='Ubuntu/Linaro 7.5.0-3ubuntu1~18.04' --with-bugurl=file:///usr/share/doc/gcc-7/README.Bugs --enable-languages=c,ada,c++,go,d,fortran,objc,obj-c++ --prefix=/usr --with-gcc-major-version-only --program-suffix=-7 --program-prefix=aarch64-linux-gnu- --enable-shared --enable-linker-build-id --libexecdir=/usr/lib --without-included-gettext --enable-threads=posix --libdir=/usr/lib --enable-nls --enable-bootstrap --enable-clocale=gnu --enable-libstdcxx-debug --enable-libstdcxx-time=yes --with-default-libstdcxx-abi=new --enable-gnu-unique-object --disable-libquadmath --disable-libquadmath-support --enable-plugin --enable-default-pie --with-system-zlib --enable-multiarch --enable-fix-cortex-a53-843419 --disable-werror --enable-checking=release --build=aarch64-linux-gnu --host=aarch64-linux-gnu --target=aarch64-linux-gnu
Thread model: posix
gcc version 7.5.0 (Ubuntu/Linaro 7.5.0-3ubuntu1~18.04) 
COMPILER_PATH=/usr/lib/gcc/aarch64-linux-gnu/7/:/usr/lib/gcc/aarch64-linux-gnu/7/:/usr/lib/gcc/aarch64-linux-gnu/:/usr/lib/gcc/aarch64-linux-gnu/7/:/usr/lib/gcc/aarch64-linux-gnu/
LIBRARY_PATH=/usr/lib/gcc/aarch64-linux-gnu/7/:/usr/lib/gcc/aarch64-linux-gnu/7/../../../aarch64-linux-gnu/:/usr/lib/gcc/aarch64-linux-gnu/7/../../../../lib/:/lib/aarch64-linux-gnu/:/lib/../lib/:/usr/lib/aarch64-linux-gnu/:/usr/lib/../lib/:/usr/lib/gcc/aarch64-linux-gnu/7/../../../:/lib/:/usr/lib/
COLLECT_GCC_OPTIONS='-v' '-o' 'cmTC_e6f79' '-mlittle-endian' '-mabi=lp64'
 /usr/lib/gcc/aarch64-linux-gnu/7/collect2 -plugin /usr/lib/gcc/aarch64-linux-gnu/7/liblto_plugin.so -plugin-opt=/usr/lib/gcc/aarch64-linux-gnu/7/lto-wrapper -plugin-opt=-fresolution=/tmp/ccESXx6H.res -plugin-opt=-pass-through=-lgcc -plugin-opt=-pass-through=-lgcc_s -plugin-opt=-pass-through=-lc -plugin-opt=-pass-through=-lgcc -plugin-opt=-pass-through=-lgcc_s --build-id --eh-frame-hdr --hash-style=gnu --as-needed -dynamic-linker /lib/ld-linux-aarch64.so.1 -X -EL -maarch64linux --fix-cortex-a53-843419 -pie -z now -z relro -o cmTC_e6f79 /usr/lib/gcc/aarch64-linux-gnu/7/../../../aarch64-linux-gnu/Scrt1.o /usr/lib/gcc/aarch64-linux-gnu/7/../../../aarch64-linux-gnu/crti.o /usr/lib/gcc/aarch64-linux-gnu/7/crtbeginS.o -L/usr/lib/gcc/aarch64-linux-gnu/7 -L/usr/lib/gcc/aarch64-linux-gnu/7/../../../aarch64-linux-gnu -L/usr/lib/gcc/aarch64-linux-gnu/7/../../../../lib -L/lib/aarch64-linux-gnu -L/lib/../lib -L/usr/lib/aarch64-linux-gnu -L/usr/lib/../lib -L/usr/lib/gcc/aarch64-linux-gnu/7/../../.. CMakeFiles/cmTC_e6f79.dir/CMakeCCompilerABI.c.o -lgcc --push-state --as-needed -lgcc_s --pop-state -lc -lgcc --push-state --as-needed -lgcc_s --pop-state /usr/lib/gcc/aarch64-linux-gnu/7/crtendS.o /usr/lib/gcc/aarch64-linux-gnu/7/../../../aarch64-linux-gnu/crtn.o
COLLECT_GCC_OPTIONS='-v' '-o' 'cmTC_e6f79' '-mlittle-endian' '-mabi=lp64'
make[1]: Leaving directory '/users/mikuru/leveldb_revised/build/CMakeFiles/CMakeTmp'


Parsed C implicit link information from above output:
  link line regex: [^( *|.*[/\])(ld|CMAKE_LINK_STARTFILE-NOTFOUND|([^/\]+-)?ld|collect2)[^/\]*( |$)]
  ignore line: [Change Dir: /users/mikuru/leveldb_revised/build/CMakeFiles/CMakeTmp]
  ignore line: []
  ignore line: [Run Build Command:"/usr/bin/make" "cmTC_e6f79/fast"]
  ignore line: [/usr/bin/make -f CMakeFiles/cmTC_e6f79.dir/build.make CMakeFiles/cmTC_e6f79.dir/build]
  ignore line: [make[1]: Entering directory '/users/mikuru/leveldb_revised/build/CMakeFiles/CMakeTmp']
  ignore line: [Building C object CMakeFiles/cmTC_e6f79.dir/CMakeCCompilerABI.c.o]
  ignore line: [/usr/bin/cc    -o CMakeFiles/cmTC_e6f79.dir/CMakeCCompilerABI.c.o   -c /usr/share/cmake-3.10/Modules/CMakeCCompilerABI.c]
  ignore line: [Linking C executable cmTC_e6f79]
  ignore line: [/usr/bin/cmake -E cmake_link_script CMakeFiles/cmTC_e6f79.dir/link.txt --verbose=1]
  ignore line: [/usr/bin/cc     -v CMakeFiles/cmTC_e6f79.dir/CMakeCCompilerABI.c.o  -o cmTC_e6f79 ]
  ignore line: [Using built-in specs.]
  ignore line: [COLLECT_GCC=/usr/bin/cc]
  ignore line: [COLLECT_LTO_WRAPPER=/usr/lib/gcc/aarch64-linux-gnu/7/lto-wrapper]
  ignore line: [Target: aarch64-linux-gnu]
  ignore line: [Configured with: ../src/configure -v --with-pkgversion='Ubuntu/Linaro 7.5.0-3ubuntu1~18.04' --with-bugurl=file:///usr/share/doc/gcc-7/README.Bugs --enable-languages=c,ada,c++,go,d,fortran,objc,obj-c++ --prefix=/usr --with-gcc-major-version-only --program-suffix=-7 --program-prefix=aarch64-linux-gnu- --enable-shared --enable-linker-build-id --libexecdir=/usr/lib --without-included-gettext --enable-threads=posix --libdir=/usr/lib --enable-nls --enable-bootstrap --enable-clocale=gnu --enable-libstdcxx-debug --enable-libstdcxx-time=yes --with-default-libstdcxx-abi=new --enable-gnu-unique-object --disable-libquadmath --disable-libquadmath-support --enable-plugin --enable-default-pie --with-system-zlib --enable-multiarch --enable-fix-cortex-a53-843419 --disable-werror --enable-checking=release --build=aarch64-linux-gnu --host=aarch64-linux-gnu --target=aarch64-linux-gnu]
  ignore line: [Thread model: posix]
  ignore line: [gcc version 7.5.0 (Ubuntu/Linaro 7.5.0-3ubuntu1~18.04) ]
  ignore line: [COMPILER_PATH=/usr/lib/gcc/aarch64-linux-gnu/7/:/usr/lib/gcc/aarch64-linux-gnu/7/:/usr/lib/gcc/aarch64-linux-gnu/:/usr/lib/gcc/aarch64-linux-gnu/7/:/usr/lib/gcc/aarch64-linux-gnu/]
  ignore line: [LIBRARY_PATH=/usr/lib/gcc/aarch64-linux-gnu/7/:/usr/lib/gcc/aarch64-linux-gnu/7/../../../aarch64-linux-gnu/:/usr/lib/gcc/aarch64-linux-gnu/7/../../../../lib/:/lib/aarch64-linux-gnu/:/lib/../lib/:/usr/lib/aarch64-linux-gnu/:/usr/lib/../lib/:/usr/lib/gcc/aarch64-linux-gnu/7/../../../:/lib/:/usr/lib/]
  ignore line: [COLLECT_GCC_OPTIONS='-v' '-o' 'cmTC_e6f79' '-mlittle-endian' '-mabi=lp64']
  link line: [ /usr/lib/gcc/aarch64-linux-gnu/7/collect2 -plugin /usr/lib/gcc/aarch64-linux-gnu/7/liblto_plugin.so -plugin-opt=/usr/lib/gcc/aarch64-linux-gnu/7/lto-wrapper -plugin-opt=-fresolution=/tmp/ccESXx6H.res -plugin-opt=-pass-through=-lgcc -plugin-opt=-pass-through=-lgcc_s -plugin-opt=-pass-through=-lc -plugin-opt=-pass-through=-lgcc -plugin-opt=-pass-through=-lgcc_s --build-id --eh-frame-hdr --hash-style=gnu --as-needed -dynamic-linker /lib/ld-linux-aarch64.so.1 -X -EL -maarch64linux --fix-cortex-a53-843419 -pie -z now -z relro -o cmTC_e6f79 /usr/lib/gcc/aarch64-linux-gnu/7/../../../aarch64-linux-gnu/Scrt1.o /usr/lib/gcc/aarch64-linux-gnu/7/../../../aarch64-linux-gnu/crti.o /usr/lib/gcc/aarch64-linux-gnu/7/crtbeginS.o -L/usr/lib/gcc/aarch64-linux-gnu/7 -L/usr/lib/gcc/aarch64-linux-gnu/7/../../../aarch64-linux-gnu -L/usr/lib/gcc/aarch64-linux-gnu/7/../../../../lib -L/lib/aarch64-linux-gnu -L/lib/../lib -L/usr/lib/aarch64-linux-gnu -L/usr/lib/../lib -L/usr/lib/gcc/aarch64-linux-gnu/7/../../.. CMakeFiles/cmTC_e6f79.dir/CMakeCCompilerABI.c.o -lgcc --push-state --as-needed -lgcc_s --pop-state -lc -lgcc --push-state --as-needed -lgcc_s --pop-state /usr/lib/gcc/aarch64-linux-gnu/7/crtendS.o /usr/lib/gcc/aarch64-linux-gnu/7/../../../aarch64-linux-gnu/crtn.o]
    arg [/usr/lib/gcc/aarch64-linux-gnu/7/collect2] ==> ignore
    arg [-plugin] ==> ignore
    arg [/usr/lib/gcc/aarch64-linux-gnu/7/liblto_plugin.so] ==> ignore
    arg [-plugin-opt=/usr/lib/gcc/aarch64-linux-gnu/7/lto-wrapper] ==> ignore
    arg [-plugin-opt=-fresolution=/tmp/ccESXx6H.res] ==> ignore
    arg [-plugin-opt=-pass-through=-lgcc] ==> ignore
    arg [-plugin-opt=-pass-through=-lgcc_s] ==> ignore
    arg [-plugin-opt=-pass-through=-lc] ==> ignore
    arg [-plugin-opt=-pass-through=-lgcc] ==> ignore
    arg [-plugin-opt=-pass-through=-lgcc_s] ==> ignore
    arg [--build-id] ==> ignore
    arg [--eh-frame-hdr] ==> ignore
    arg [--hash-style=gnu] ==> ignore
    arg [--as-needed] ==> ignore
    arg [-dynamic-linker] ==> ignore
    arg [/lib/ld-linux-aarch64.so.1] ==> ignore
    arg [-X] ==> ignore
    arg [-EL] ==> ignore
    arg [-maarch64linux] ==> ignore
    arg [--fix-cortex-a53-843419] ==> ignore
    arg [-pie] ==> ignore
    arg [-znow] ==> ignore
    arg [-zrelro] ==> ignore
    arg [-o] ==> ignore
    arg [cmTC_e6f79] ==> ignore
    arg [/usr/lib/gcc/aarch64-linux-gnu/7/../../../aarch64-linux-gnu/Scrt1.o] ==> ignore
    arg [/usr/lib/gcc/aarch64-linux-gnu/7/../../../aarch64-linux-gnu/crti.o] ==> ignore
    arg [/usr/lib/gcc/aarch64-linux-gnu/7/crtbeginS.o] ==> ignore
    arg [-L/usr/lib/gcc/aarch64-linux-gnu/7] ==> dir [/usr/lib/gcc/aarch64-linux-gnu/7]
    arg [-L/usr/lib/gcc/aarch64-linux-gnu/7/../../../aarch64-linux-gnu] ==> dir [/usr/lib/gcc/aarch64-linux-gnu/7/../../../aarch64-linux-gnu]
    arg [-L/usr/lib/gcc/aarch64-linux-gnu/7/../../../../lib] ==> dir [/usr/lib/gcc/aarch64-linux-gnu/7/../../../../lib]
    arg [-L/lib/aarch64-linux-gnu] ==> dir [/lib/aarch64-linux-gnu]
    arg [-L/lib/../lib] ==> dir [/lib/../lib]
    arg [-L/usr/lib/aarch64-linux-gnu] ==> dir [/usr/lib/aarch64-linux-gnu]
    arg [-L/usr/lib/../lib] ==> dir [/usr/lib/../lib]
    arg [-L/usr/lib/gcc/aarch64-linux-gnu/7/../../..] ==> dir [/usr/lib/gcc/aarch64-linux-gnu/7/../../..]
    arg [CMakeFiles/cmTC_e6f79.dir/CMakeCCompilerABI.c.o] ==> ignore
    arg [-lgcc] ==> lib [gcc]
    arg [--push-state] ==> ignore
    arg [--as-needed] ==> ignore
    arg [-lgcc_s] ==> lib [gcc_s]
    arg [--pop-state] ==> ignore
    arg [-lc] ==> lib [c]
    arg [-lgcc] ==> lib [gcc]
    arg [--push-state] ==> ignore
    arg [--as-needed] ==> ignore
    arg [-lgcc_s] ==> lib [gcc_s]
    arg [--pop-state] ==> ignore
    arg [/usr/lib/gcc/aarch64-linux-gnu/7/crtendS.o] ==> ignore
    arg [/usr/lib/gcc/aarch64-linux-gnu/7/../../../aarch64-linux-gnu/crtn.o] ==> ignore
  collapse library dir [/usr/lib/gcc/aarch64-linux-gnu/7] ==> [/usr/lib/gcc/aarch64-linux-gnu/7]
  collapse library dir [/usr/lib/gcc/aarch64-linux-gnu/7/../../../aarch64-linux-gnu] ==> [/usr/lib/aarch64-linux-gnu]
  collapse library dir [/usr/lib/gcc/aarch64-linux-gnu/7/../../../../lib] ==> [/usr/lib]
  collapse library dir [/lib/aarch64-linux-gnu] ==> [/lib/aarch64-linux-gnu]
  collapse library dir [/lib/../lib] ==> [/lib]
  collapse library dir [/usr/lib/aarch64-linux-gnu] ==> [/usr/lib/aarch64-linux-gnu]
  collapse library dir [/usr/lib/../lib] ==> [/usr/lib]
  collapse library dir [/usr/lib/gcc/aarch64-linux-gnu/7/../../..] ==> [/usr/lib]
  implicit libs: [gcc;gcc_s;c;gcc;gcc_s]
  implicit dirs: [/usr/lib/gcc/aarch64-linux-gnu/7;/usr/lib/aarch64-linux-gnu;/usr/lib;/lib/aarch64-linux-gnu;/lib]
  implicit fwks: []




Detecting C [-std=c11] compiler features compiled with the following output:
Change Dir: /users/mikuru/leveldb_revised/build/CMakeFiles/CMakeTmp

Run Build Command:"/usr/bin/make" "cmTC_e0cee/fast"
/usr/bin/make -f CMakeFiles/cmTC_e0cee.dir/build.make CMakeFiles/cmTC_e0cee.dir/build
make[1]: Entering directory '/users/mikuru/leveldb_revised/build/CMakeFiles/CMakeTmp'
Building C object CMakeFiles/cmTC_e0cee.dir/feature_tests.c.o
/usr/bin/cc   -std=c11 -o CMakeFiles/cmTC_e0cee.dir/feature_tests.c.o   -c /users/mikuru/leveldb_revised/build/CMakeFiles/feature_tests.c
Linking C executable cmTC_e0cee
/usr/bin/cmake -E cmake_link_script CMakeFiles/cmTC_e0cee.dir/link.txt --verbose=1
/usr/bin/cc      CMakeFiles/cmTC_e0cee.dir/feature_tests.c.o  -o cmTC_e0cee 
make[1]: Leaving directory '/users/mikuru/leveldb_revised/build/CMakeFiles/CMakeTmp'


    Feature record: C_FEATURE:1c_function_prototypes
    Feature record: C_FEATURE:1c_restrict
    Feature record: C_FEATURE:1c_static_assert
    Feature record: C_FEATURE:1c_variadic_macros


Detecting C [-std=c99] compiler features compiled with the following output:
Change Dir: /users/mikuru/leveldb_revised/build/CMakeFiles/CMakeTmp

Run Build Command:"/usr/bin/make" "cmTC_4f938/fast"
/usr/bin/make -f CMakeFiles/cmTC_4f938.dir/build.make CMakeFiles/cmTC_4f938.dir/build
make[1]: Entering directory '/users/mikuru/leveldb_revised/build/CMakeFiles/CMakeTmp'
Building C object CMakeFiles/cmTC_4f938.dir/feature_tests.c.o
/usr/bin/cc   -std=c99 -o CMakeFiles/cmTC_4f938.dir/feature_tests.c.o   -c /users/mikuru/leveldb_revised/build/CMakeFiles/feature_tests.c
Linking C executable cmTC_4f938
/usr/bin/cmake -E cmake_link_script CMakeFiles/cmTC_4f938.dir/link.txt --verbose=1
/usr/bin/cc      CMakeFiles/cmTC_4f938.dir/feature_tests.c.o  -o cmTC_4f938 
make[1]: Leaving directory '/users/mikuru/leveldb_revised/build/CMakeFiles/CMakeTmp'


    Feature record: C_FEATURE:1c_function_prototypes
    Feature record: C_FEATURE:1c_restrict
    Feature record: C_FEATURE:0c_static_assert
    Feature record: C_FEATURE:1c_variadic_macros


Detecting C [-std=c90] compiler features compiled with the following output:
Change Dir: /users/mikuru/leveldb_revised/build/CMakeFiles/CMakeTmp

Run Build Command:"/usr/bin/make" "cmTC_2aa1d/fast"
/usr/bin/make -f CMakeFiles/cmTC_2aa1d.dir/build.make CMakeFiles/cmTC_2aa1d.dir/build
make[1]: Entering directory '/users/mikuru/leveldb_revised/build/CMakeFiles/CMakeTmp'
Building C object CMakeFiles/cmTC_2aa1d.dir/feature_tests.c.o
/usr/bin/cc   -std=c90 -o CMakeFiles/cmTC_2aa1d.dir/feature_tests.c.o   -c /users/mikuru/leveldb_revised/build/CMakeFiles/feature_tests.c
Linking C executable cmTC_2aa1d
/usr/bin/cmake -E cmake_link_script CMakeFiles/cmTC_2aa1d.dir/link.txt --verbose=1
/usr/bin/cc      CMakeFiles/cmTC_2aa1d.dir/feature_tests.c.o  -o cmTC_2aa1d 
make[1]: Leaving directory '/users/mikuru/leveldb_revised/build/CMakeFiles/CMakeTmp'


    Feature record: C_FEATURE:1c_function_prototypes
    Feature record: C_FEATURE:0c_restrict
    Feature record: C_FEATURE:0c_static_assert
    Feature record: C_FEATURE:0c_variadic_macros
Determining if the CXX compiler works passed with the following output:
Change Dir: /users/mikuru/leveldb_revised/build/CMakeFiles/CMakeTmp

Run Build Command:"/usr/bin/make" "cmTC_a1e94/fast"
/usr/bin/make -f CMakeFiles/cmTC_a1e94.dir/build.make CMakeFiles/cmTC_a1e94.dir/build
make[1]: Entering directory '/users/mikuru/leveldb_revised/build/CMakeFiles/CMakeTmp'
Building CXX object CMakeFiles/cmTC_a1e94.dir/testCXXCompiler.cxx.o
/usr/bin/c++     -o CMakeFiles/cmTC_a1e94.dir/testCXXCompiler.cxx.o -c /users/mikuru/leveldb_revised/build/CMakeFiles/CMakeTmp/testCXXCompiler.cxx
Linking CXX executable cmTC_a1e94
/usr/bin/cmake -E cmake_link_script CMakeFiles/cmTC_a1e94.dir/link.txt --verbose=1
/usr/bin/c++       CMakeFiles/cmTC_a1e94.dir/testCXXCompiler.cxx.o  -o cmTC_a1e94 
make[1]: Leaving directory '/users/mikuru/leveldb_revised/build/CMakeFiles/CMakeTmp'


Detecting CXX compiler ABI info compiled with the following output:
Change Dir: /users/mikuru/leveldb_revised/build/CMakeFiles/CMakeTmp

Run Build Command:"/usr/bin/make" "cmTC_bb3ee/fast"
/usr/bin/make -f CMakeFiles/cmTC_bb3ee.dir/build.make CMakeFiles/cmTC_bb3ee.dir/build
make[1]: Entering directory '/users/mikuru/leveldb_revised/build/CMakeFiles/CMakeTmp'
Building CXX object CMakeFiles/cmTC_bb3ee.dir/CMakeCXXCompilerABI.cpp.o
/usr/bin/c++     -o CMakeFiles/cmTC_bb3ee.dir/CMakeCXXCompilerABI.cpp.o -c /usr/share/cmake-3.10/Modules/CMakeCXXCompilerABI.cpp
Linking CXX executable cmTC_bb3ee
/usr/bin/cmake -E cmake_link_script CMakeFiles/cmTC_bb3ee.dir/link.txt --verbose=1
/usr/bin/c++      -v CMakeFiles/cmTC_bb3ee.dir/CMakeCXXCompilerABI.cpp.o  -o cmTC_bb3ee 
Using built-in specs.
COLLECT_GCC=/usr/bin/c++
COLLECT_LTO_WRAPPER=/usr/lib/gcc/aarch64-linux-gnu/7/lto-wrapper
Target: aarch64-linux-gnu
Configured with: ../src/configure -v --with-pkgversion='Ubuntu/Linaro 7.5.0-3ubuntu1~18.04' --with-bugurl=file:///usr/share/doc/gcc-7/README.Bugs --enable-languages=c,ada,c++,go,d,fortran,objc,obj-c++ --prefix=/usr --with-gcc-major-version-only --program-suffix=-7 --program-prefix=aarch64-linux-gnu- --enable-shared --enable-linker-build-id --libexecdir=/usr/lib --without-included-gettext --enable-threads=posix --libdir=/usr/lib --enable-nls --enable-bootstrap --enable-clocale=gnu --enable-libstdcxx-debug --enable-libstdcxx-time=yes --with-default-libstdcxx-abi=new --enable-gnu-unique-object --disable-libquadmath --disable-libquadmath-support --enable-plugin --enable-default-pie --with-system-zlib --enable-multiarch --enable-fix-cortex-a53-843419 --disable-werror --enable-checking=release --build=aarch64-linux-gnu --host=aarch64-linux-gnu --target=aarch64-linux-gnu
Thread model: posix
gcc version 7.5.0 (Ubuntu/Linaro 7.5.0-3ubuntu1~18.04) 
COMPILER_PATH=/usr/lib/gcc/aarch64-linux-gnu/7/:/usr/lib/gcc/aarch64-linux-gnu/7/:/usr/lib/gcc/aarch64-linux-gnu/:/usr/lib/gcc/aarch64-linux-gnu/7/:/usr/lib/gcc/aarch64-linux-gnu/
LIBRARY_PATH=/usr/lib/gcc/aarch64-linux-gnu/7/:/usr/lib/gcc/aarch64-linux-gnu/7/../../../aarch64-linux-gnu/:/usr/lib/gcc/aarch64-linux-gnu/7/../../../../lib/:/lib/aarch64-linux-gnu/:/lib/../lib/:/usr/lib/aarch64-linux-gnu/:/usr/lib/../lib/:/usr/lib/gcc/aarch64-linux-gnu/7/../../../:/lib/:/usr/lib/
COLLECT_GCC_OPTIONS='-v' '-o' 'cmTC_bb3ee' '-shared-libgcc' '-mlittle-endian' '-mabi=lp64'
 /usr/lib/gcc/aarch64-linux-gnu/7/collect2 -plugin /usr/lib/gcc/aarch64-linux-gnu/7/liblto_plugin.so -plugin-opt=/usr/lib/gcc/aarch64-linux-gnu/7/lto-wrapper -plugin-opt=-fresolution=/tmp/ccuZu1Ux.res -plugin-opt=-pass-through=-lgcc_s -plugin-opt=-pass-through=-lgcc -plugin-opt=-pass-through=-lc -plugin-opt=-pass-through=-lgcc_s -plugin-opt=-pass-through=-lgcc --build-id --eh-frame-hdr --hash-style=gnu --as-needed -dynamic-linker /lib/ld-linux-aarch64.so.1 -X -EL -maarch64linux --fix-cortex-a53-843419 -pie -z now -z relro -o cmTC_bb3ee /usr/lib/gcc/aarch64-linux-gnu/7/../../../aarch64-linux-gnu/Scrt1.o /usr/lib/gcc/aarch64-linux-gnu/7/../../../aarch64-linux-gnu/crti.o /usr/lib/gcc/aarch64-linux-gnu/7/crtbeginS.o -L/usr/lib/gcc/aarch64-linux-gnu/7 -L/usr/lib/gcc/aarch64-linux-gnu/7/../../../aarch64-linux-gnu -L/usr/lib/gcc/aarch64-linux-gnu/7/../../../../lib -L/lib/aarch64-linux-gnu -L/lib/../lib -L/usr/lib/aarch64-linux-gnu -L/usr/lib/../lib -L/usr/lib/gcc/aarch64-linux-gnu/7/../../.. CMakeFiles/cmTC_bb3ee.dir/CMakeCXXCompilerABI.cpp.o -lstdc++ -lm -lgcc_s -lgcc -lc -lgcc_s -lgcc /usr/lib/gcc/aarch64-linux-gnu/7/crtendS.o /usr/lib/gcc/aarch64-linux-gnu/7/../../../aarch64-linux-gnu/crtn.o
COLLECT_GCC_OPTIONS='-v' '-o' 'cmTC_bb3ee' '-shared-libgcc' '-mlittle-endian' '-mabi=lp64'
make[1]: Leaving directory '/users/mikuru/leveldb_revised/build/CMakeFiles/CMakeTmp'


Parsed CXX implicit link information from above output:
  link line regex: [^( *|.*[/\])(ld|CMAKE_LINK_STARTFILE-NOTFOUND|([^/\]+-)?ld|collect2)[^/\]*( |$)]
  ignore line: [Change Dir: /users/mikuru/leveldb_revised/build/CMakeFiles/CMakeTmp]
  ignore line: []
  ignore line: [Run Build Command:"/usr/bin/make" "cmTC_bb3ee/fast"]
  ignore line: [/usr/bin/make -f CMakeFiles/cmTC_bb3ee.dir/build.make CMakeFiles/cmTC_bb3ee.dir/build]
  ignore line: [make[1]: Entering directory '/users/mikuru/leveldb_revised/build/CMakeFiles/CMakeTmp']
  ignore line: [Building CXX object CMakeFiles/cmTC_bb3ee.dir/CMakeCXXCompilerABI.cpp.o]
  ignore line: [/usr/bin/c++     -o CMakeFiles/cmTC_bb3ee.dir/CMakeCXXCompilerABI.cpp.o -c /usr/share/cmake-3.10/Modules/CMakeCXXCompilerABI.cpp]
  ignore line: [Linking CXX executable cmTC_bb3ee]
  ignore line: [/usr/bin/cmake -E cmake_link_script CMakeFiles/cmTC_bb3ee.dir/link.txt --verbose=1]
  ignore line: [/usr/bin/c++      -v CMakeFiles/cmTC_bb3ee.dir/CMakeCXXCompilerABI.cpp.o  -o cmTC_bb3ee ]
  ignore line: [Using built-in specs.]
  ignore line: [COLLECT_GCC=/usr/bin/c++]
  ignore line: [COLLECT_LTO_WRAPPER=/usr/lib/gcc/aarch64-linux-gnu/7/lto-wrapper]
  ignore line: [Target: aarch64-linux-gnu]
  ignore line: [Configured with: ../src/configure -v --with-pkgversion='Ubuntu/Linaro 7.5.0-3ubuntu1~18.04' --with-bugurl=file:///usr/share/doc/gcc-7/README.Bugs --enable-languages=c,ada,c++,go,d,fortran,objc,obj-c++ --prefix=/usr --with-gcc-major-version-only --program-suffix=-7 --program-prefix=aarch64-linux-gnu- --enable-shared --enable-linker-build-id --libexecdir=/usr/lib --without-included-gettext --enable-threads=posix --libdir=/usr/lib --enable-nls --enable-bootstrap --enable-clocale=gnu --enable-libstdcxx-debug --enable-libstdcxx-time=yes --with-default-libstdcxx-abi=new --enable-gnu-unique-object --disable-libquadmath --disable-libquadmath-support --enable-plugin --enable-default-pie --with-system-zlib --enable-multiarch --enable-fix-cortex-a53-843419 --disable-werror --enable-checking=release --build=aarch64-linux-gnu --host=aarch64-linux-gnu --target=aarch64-linux-gnu]
  ignore line: [Thread model: posix]
  ignore line: [gcc version 7.5.0 (Ubuntu/Linaro 7.5.0-3ubuntu1~18.04) ]
  ignore line: [COMPILER_PATH=/usr/lib/gcc/aarch64-linux-gnu/7/:/usr/lib/gcc/aarch64-linux-gnu/7/:/usr/lib/gcc/aarch64-linux-gnu/:/usr/lib/gcc/aarch64-linux-gnu/7/:/usr/lib/gcc/aarch64-linux-gnu/]
  ignore line: [LIBRARY_PATH=/usr/lib/gcc/aarch64-linux-gnu/7/:/usr/lib/gcc/aarch64-linux-gnu/7/../../../aarch64-linux-gnu/:/usr/lib/gcc/aarch64-linux-gnu/7/../../../../lib/:/lib/aarch64-linux-gnu/:/lib/../lib/:/usr/lib/aarch64-linux-gnu/:/usr/lib/../lib/:/usr/lib/gcc/aarch64-linux-gnu/7/../../../:/lib/:/usr/lib/]
  ignore line: [COLLECT_GCC_OPTIONS='-v' '-o' 'cmTC_bb3ee' '-shared-libgcc' '-mlittle-endian' '-mabi=lp64']
  link line: [ /usr/lib/gcc/aarch64-linux-gnu/7/collect2 -plugin /usr/lib/gcc/aarch64-linux-gnu/7/liblto_plugin.so -plugin-opt=/usr/lib/gcc/aarch64-linux-gnu/7/lto-wrapper -plugin-opt=-fresolution=/tmp/ccuZu1Ux.res -plugin-opt=-pass-through=-lgcc_s -plugin-opt=-pass-through=-lgcc -plugin-opt=-pass-through=-lc -plugin-opt=-pass-through=-lgcc_s -plugin-opt=-pass-through=-lgcc --build-id --eh-frame-hdr --hash-style=gnu --as-needed -dynamic-linker /lib/ld-linux-aarch64.so.1 -X -EL -maarch64linux --fix-cortex-a53-843419 -pie -z now -z relro -o cmTC_bb3ee /usr/lib/gcc/aarch64-linux-gnu/7/../../../aarch64-linux-gnu/Scrt1.o /usr/lib/gcc/aarch64-linux-gnu/7/../../../aarch64-linux-gnu/crti.o /usr/lib/gcc/aarch64-linux-gnu/7/crtbeginS.o -L/usr/lib/gcc/aarch64-linux-gnu/7 -L/usr/lib/gcc/aarch64-linux-gnu/7/../../../aarch64-linux-gnu -L/usr/lib/gcc/aarch64-linux-gnu/7/../../../../lib -L/lib/aarch64-linux-gnu -L/lib/../lib -L/usr/lib/aarch64-linux-gnu -L/usr/lib/../lib -L/usr/lib/gcc/aarch64-linux-gnu/7/../../.. CMakeFiles/cmTC_bb3ee.dir/CMakeCXXCompilerABI.cpp.o -lstdc++ -lm -lgcc_s -lgcc -lc -lgcc_s -lgcc /usr/lib/gcc/aarch64-linux-gnu/7/crtendS.o /usr/lib/gcc/aarch64-linux-gnu/7/../../../aarch64-linux-gnu/crtn.o]
    arg [/usr/lib/gcc/aarch64-linux-gnu/7/collect2] ==> ignore
    arg [-plugin] ==> ignore
    arg [/usr/lib/gcc/aarch64-linux-gnu/7/liblto_plugin.so] ==> ignore
    arg [-plugin-opt=/usr/lib/gcc/aarch64-linux-gnu/7/lto-wrapper] ==> ignore
    arg [-plugin-opt=-fresolution=/tmp/ccuZu1Ux.res] ==> ignore
    arg [-plugin-opt=-pass-through=-lgcc_s] ==> ignore
    arg [-plugin-opt=-pass-through=-lgcc] ==> ignore
    arg [-plugin-opt=-pass-through=-lc] ==> ignore
    arg [-plugin-opt=-pass-through=-lgcc_s] ==> ignore
    arg [-plugin-opt=-pass-through=-lgcc] ==> ignore
    arg [--build-id] ==> ignore
    arg [--eh-frame-hdr] ==> ignore
    arg [--hash-style=gnu] ==> ignore
    arg [--as-needed] ==> ignore
    arg [-dynamic-linker] ==> ignore
    arg [/lib/ld-linux-aarch64.so.1] ==> ignore
    arg [-X] ==> ignore
    arg [-EL] ==> ignore
    arg [-maarch64linux] ==> ignore
    arg [--fix-cortex-a53-843419] ==> ignore
    arg [-pie] ==> ignore
    arg [-znow] ==> ignore
    arg [-zrelro] ==> ignore
    arg [-o] ==> ignore
    arg [cmTC_bb3ee] ==> ignore
    arg [/usr/lib/gcc/aarch64-linux-gnu/7/../../../aarch64-linux-gnu/Scrt1.o] ==> ignore
    arg [/usr/lib/gcc/aarch64-linux-gnu/7/../../../aarch64-linux-gnu/crti.o] ==> ignore
    arg [/usr/lib/gcc/aarch64-linux-gnu/7/crtbeginS.o] ==> ignore
    arg [-L/usr/lib/gcc/aarch64-linux-gnu/7] ==> dir [/usr/lib/gcc/aarch64-linux-gnu/7]
    arg [-L/usr/lib/gcc/aarch64-linux-gnu/7/../../../aarch64-linux-gnu] ==> dir [/usr/lib/gcc/aarch64-linux-gnu/7/../../../aarch64-linux-gnu]
    arg [-L/usr/lib/gcc/aarch64-linux-gnu/7/../../../../lib] ==> dir [/usr/lib/gcc/aarch64-linux-gnu/7/../../../../lib]
    arg [-L/lib/aarch64-linux-gnu] ==> dir [/lib/aarch64-linux-gnu]
    arg [-L/lib/../lib] ==> dir [/lib/../lib]
    arg [-L/usr/lib/aarch64-linux-gnu] ==> dir [/usr/lib/aarch64-linux-gnu]
    arg [-L/usr/lib/../lib] ==> dir [/usr/lib/../lib]
    arg [-L/usr/lib/gcc/aarch64-linux-gnu/7/../../..] ==> dir [/usr/lib/gcc/aarch64-linux-gnu/7/../../..]
    arg [CMakeFiles/cmTC_bb3ee.dir/CMakeCXXCompilerABI.cpp.o] ==> ignore
    arg [-lstdc++] ==> lib [stdc++]
    arg [-lm] ==> lib [m]
    arg [-lgcc_s] ==> lib [gcc_s]
    arg [-lgcc] ==> lib [gcc]
    arg [-lc] ==> lib [c]
    arg [-lgcc_s] ==> lib [gcc_s]
    arg [-lgcc] ==> lib [gcc]
    arg [/usr/lib/gcc/aarch64-linux-gnu/7/crtendS.o] ==> ignore
    arg [/usr/lib/gcc/aarch64-linux-gnu/7/../../../aarch64-linux-gnu/crtn.o] ==> ignore
  collapse library dir [/usr/lib/gcc/aarch64-linux-gnu/7] ==> [/usr/lib/gcc/aarch64-linux-gnu/7]
  collapse library dir [/usr/lib/gcc/aarch64-linux-gnu/7/../../../aarch64-linux-gnu] ==> [/usr/lib/aarch64-linux-gnu]
  collapse library dir [/usr/lib/gcc/aarch64-linux-gnu/7/../../../../lib] ==> [/usr/lib]
  collapse library dir [/lib/aarch64-linux-gnu] ==> [/lib/aarch64-linux-gnu]
  collapse library dir [/lib/../lib] ==> [/lib]
  collapse library dir [/usr/lib/aarch64-linux-gnu] ==> [/usr/lib/aarch64-linux-gnu]
  collapse library dir [/usr/lib/../lib] ==> [/usr/lib]
  collapse library dir [/usr/lib/gcc/aarch64-linux-gnu/7/../../..] ==> [/usr/lib]
  implicit libs: [stdc++;m;gcc_s;gcc;c;gcc_s;gcc]
  implicit dirs: [/usr/lib/gcc/aarch64-linux-gnu/7;/usr/lib/aarch64-linux-gnu;/usr/lib;/lib/aarch64-linux-gnu;/lib]
  implicit fwks: []




Detecting CXX [-std=c++1z] compiler features compiled with the following output:
Change Dir: /users/mikuru/leveldb_revised/build/CMakeFiles/CMakeTmp

Run Build Command:"/usr/bin/make" "cmTC_8fc42/fast"
/usr/bin/make -f CMakeFiles/cmTC_8fc42.dir/build.make CMakeFiles/cmTC_8fc42.dir/build
make[1]: Entering directory '/users/mikuru/leveldb_revised/build/CMakeFiles/CMakeTmp'
Building CXX object CMakeFiles/cmTC_8fc42.dir/feature_tests.cxx.o
/usr/bin/c++    -std=c++1z -o CMakeFiles/cmTC_8fc42.dir/feature_tests.cxx.o -c /users/mikuru/leveldb_revised/build/CMakeFiles/feature_tests.cxx
Linking CXX executable cmTC_8fc42
/usr/bin/cmake -E cmake_link_script CMakeFiles/cmTC_8fc42.dir/link.txt --verbose=1
/usr/bin/c++       CMakeFiles/cmTC_8fc42.dir/feature_tests.cxx.o  -o cmTC_8fc42 
make[1]: Leaving directory '/users/mikuru/leveldb_revised/build/CMakeFiles/CMakeTmp'


    Feature record: CXX_FEATURE:1cxx_aggregate_default_initializers
    Feature record: CXX_FEATURE:1cxx_alias_templates
    Feature record: CXX_FEATURE:1cxx_alignas
    Feature record: CXX_FEATURE:1cxx_alignof
    Feature record: CXX_FEATURE:1cxx_attributes
    Feature record: CXX_FEATURE:1cxx_attribute_deprecated
    Feature record: CXX_FEATURE:1cxx_auto_type
    Feature record: CXX_FEATURE:1cxx_binary_literals
    Feature record: CXX_FEATURE:1cxx_constexpr
    Feature record: CXX_FEATURE:1cxx_contextual_conversions
    Feature record: CXX_FEATURE:1cxx_decltype
    Feature record: CXX_FEATURE:1cxx_decltype_auto
    Feature record: CXX_FEATURE:1cxx_decltype_incomplete_return_types
    Feature record: CXX_FEATURE:1cxx_default_function_template_args
    Feature record: CXX_FEATURE:1cxx_defaulted_functions
    Feature record: CXX_FEATURE:1cxx_defaulted_move_initializers
    Feature record: CXX_FEATURE:1cxx_delegating_constructors
    Feature record: CXX_FEATURE:1cxx_deleted_functions
    Feature record: CXX_FEATURE:1cxx_digit_separators
    Feature record: CXX_FEATURE:1cxx_enum_forward_declarations
    Feature record: CXX_FEATURE:1cxx_explicit_conversions
    Feature record: CXX_FEATURE:1cxx_extended_friend_declarations
    Feature record: CXX_FEATURE:1cxx_extern_templates
    Feature record: CXX_FEATURE:1cxx_final
    Feature record: CXX_FEATURE:1cxx_func_identifier
    Feature record: CXX_FEATURE:1cxx_generalized_initializers
    Feature record: CXX_FEATURE:1cxx_generic_lambdas
    Feature record: CXX_FEATURE:1cxx_inheriting_constructors
    Feature record: CXX_FEATURE:1cxx_inline_namespaces
    Feature record: CXX_FEATURE:1cxx_lambdas
    Feature record: CXX_FEATURE:1cxx_lambda_init_captures
    Feature record: CXX_FEATURE:1cxx_local_type_template_args
    Feature record: CXX_FEATURE:1cxx_long_long_type
    Feature record: CXX_FEATURE:1cxx_noexcept
    Feature record: CXX_FEATURE:1cxx_nonstatic_member_init
    Feature record: CXX_FEATURE:1cxx_nullptr
    Feature record: CXX_FEATURE:1cxx_override
    Feature record: CXX_FEATURE:1cxx_range_for
    Feature record: CXX_FEATURE:1cxx_raw_string_literals
    Feature record: CXX_FEATURE:1cxx_reference_qualified_functions
    Feature record: CXX_FEATURE:1cxx_relaxed_constexpr
    Feature record: CXX_FEATURE:1cxx_return_type_deduction
    Feature record: CXX_FEATURE:1cxx_right_angle_brackets
    Feature record: CXX_FEATURE:1cxx_rvalue_references
    Feature record: CXX_FEATURE:1cxx_sizeof_member
    Feature record: CXX_FEATURE:1cxx_static_assert
    Feature record: CXX_FEATURE:1cxx_strong_enums
    Feature record: CXX_FEATURE:1cxx_template_template_parameters
    Feature record: CXX_FEATURE:1cxx_thread_local
    Feature record: CXX_FEATURE:1cxx_trailing_return_types
    Feature record: CXX_FEATURE:1cxx_unicode_literals
    Feature record: CXX_FEATURE:1cxx_uniform_initialization
    Feature record: CXX_FEATURE:1cxx_unrestricted_unions
    Feature record: CXX_FEATURE:1cxx_user_literals
    Feature record: CXX_FEATURE:1cxx_variable_templates
    Feature record: CXX_FEATURE:1cxx_variadic_macros
    Feature record: CXX_FEATURE:1cxx_variadic_templates


Detecting CXX [-std=c++14] compiler features compiled with the following output:
Change Dir: /users/mikuru/leveldb_revised/build/CMakeFiles/CMakeTmp

Run Build Command:"/usr/bin/make" "cmTC_c359e/fast"
/usr/bin/make -f CMakeFiles/cmTC_c359e.dir/build.make CMakeFiles/cmTC_c359e.dir/build
make[1]: Entering directory '/users/mikuru/leveldb_revised/build/CMakeFiles/CMakeTmp'
Building CXX object CMakeFiles/cmTC_c359e.dir/feature_tests.cxx.o
/usr/bin/c++    -std=c++14 -o CMakeFiles/cmTC_c359e.dir/feature_tests.cxx.o -c /users/mikuru/leveldb_revised/build/CMakeFiles/feature_tests.cxx
Linking CXX executable cmTC_c359e
/usr/bin/cmake -E cmake_link_script CMakeFiles/cmTC_c359e.dir/link.txt --verbose=1
/usr/bin/c++       CMakeFiles/cmTC_c359e.dir/feature_tests.cxx.o  -o cmTC_c359e 
make[1]: Leaving directory '/users/mikuru/leveldb_revised/build/CMakeFiles/CMakeTmp'


    Feature record: CXX_FEATURE:1cxx_aggregate_default_initializers
    Feature record: CXX_FEATURE:1cxx_alias_templates
    Feature record: CXX_FEATURE:1cxx_alignas
    Feature record: CXX_FEATURE:1cxx_alignof
    Feature record: CXX_FEATURE:1cxx_attributes
    Feature record: CXX_FEATURE:1cxx_attribute_deprecated
    Feature record: CXX_FEATURE:1cxx_auto_type
    Feature record: CXX_FEATURE:1cxx_binary_literals
    Feature record: CXX_FEATURE:1cxx_constexpr
    Feature record: CXX_FEATURE:1cxx_contextual_conversions
    Feature record: CXX_FEATURE:1cxx_decltype
    Feature record: CXX_FEATURE:1cxx_decltype_auto
    Feature record: CXX_FEATURE:1cxx_decltype_incomplete_return_types
    Feature record: CXX_FEATURE:1cxx_default_function_template_args
    Feature record: CXX_FEATURE:1cxx_defaulted_functions
    Feature record: CXX_FEATURE:1cxx_defaulted_move_initializers
    Feature record: CXX_FEATURE:1cxx_delegating_constructors
    Feature record: CXX_FEATURE:1cxx_deleted_functions
    Feature record: CXX_FEATURE:1cxx_digit_separators
    Feature record: CXX_FEATURE:1cxx_enum_forward_declarations
    Feature record: CXX_FEATURE:1cxx_explicit_conversions
    Feature record: CXX_FEATURE:1cxx_extended_friend_declarations
    Feature record: CXX_FEATURE:1cxx_extern_templates
    Feature record: CXX_FEATURE:1cxx_final
    Feature record: CXX_FEATURE:1cxx_func_identifier
    Feature record: CXX_FEATURE:1cxx_generalized_initializers
    Feature record: CXX_FEATURE:1cxx_generic_lambdas
    Feature record: CXX_FEATURE:1cxx_inheriting_constructors
    Feature record: CXX_FEATURE:1cxx_inline_namespaces
    Feature record: CXX_FEATURE:1cxx_lambdas
    Feature record: CXX_FEATURE:1cxx_lambda_init_captures
    Feature record: CXX_FEATURE:1cxx_local_type_template_args
    Feature record: CXX_FEATURE:1cxx_long_long_type
    Feature record: CXX_FEATURE:1cxx_noexcept
    Feature record: CXX_FEATURE:1cxx_nonstatic_member_init
    Feature record: CXX_FEATURE:1cxx_nullptr
    Feature record: CXX_FEATURE:1cxx_override
    Feature record: CXX_FEATURE:1cxx_range_for
    Feature record: CXX_FEATURE:1cxx_raw_string_literals
    Feature record: CXX_FEATURE:1cxx_reference_qualified_functions
    Feature record: CXX_FEATURE:1cxx_relaxed_constexpr
    Feature record: CXX_FEATURE:1cxx_return_type_deduction
    Feature record: CXX_FEATURE:1cxx_right_angle_brackets
    Feature record: CXX_FEATURE:1cxx_rvalue_references
    Feature record: CXX_FEATURE:1cxx_sizeof_member
    Feature record: CXX_FEATURE:1cxx_static_assert
    Feature record: CXX_FEATURE:1cxx_strong_enums
    Feature record: CXX_FEATURE:1cxx_template_template_parameters
    Feature record: CXX_FEATURE:1cxx_thread_local
    Feature record: CXX_FEATURE:1cxx_trailing_return_types
    Feature record: CXX_FEATURE:1cxx_unicode_literals
    Feature record: CXX_FEATURE:1cxx_uniform_initialization
    Feature record: CXX_FEATURE:1cxx_unrestricted_unions
    Feature record: CXX_FEATURE:1cxx_user_literals
    Feature record: CXX_FEATURE:1cxx_variable_templates
    Feature record: CXX_FEATURE:1cxx_variadic_macros
    Feature record: CXX_FEATURE:1cxx_variadic_templates


Detecting CXX [-std=c++11] compiler features compiled with the following output:
Change Dir: /users/mikuru/leveldb_revised/build/CMakeFiles/CMakeTmp

Run Build Command:"/usr/bin/make" "cmTC_e1985/fast"
/usr/bin/make -f CMakeFiles/cmTC_e1985.dir/build.make CMakeFiles/cmTC_e1985.dir/build
make[1]: Entering directory '/users/mikuru/leveldb_revised/build/CMakeFiles/CMakeTmp'
Building CXX object CMakeFiles/cmTC_e1985.dir/feature_tests.cxx.o
/usr/bin/c++    -std=c++11 -o CMakeFiles/cmTC_e1985.dir/feature_tests.cxx.o -c /users/mikuru/leveldb_revised/build/CMakeFiles/feature_tests.cxx
Linking CXX executable cmTC_e1985
/usr/bin/cmake -E cmake_link_script CMakeFiles/cmTC_e1985.dir/link.txt --verbose=1
/usr/bin/c++       CMakeFiles/cmTC_e1985.dir/feature_tests.cxx.o  -o cmTC_e1985 
make[1]: Leaving directory '/users/mikuru/leveldb_revised/build/CMakeFiles/CMakeTmp'


    Feature record: CXX_FEATURE:0cxx_aggregate_default_initializers
    Feature record: CXX_FEATURE:1cxx_alias_templates
    Feature record: CXX_FEATURE:1cxx_alignas
    Feature record: CXX_FEATURE:1cxx_alignof
    Feature record: CXX_FEATURE:1cxx_attributes
    Feature record: CXX_FEATURE:0cxx_attribute_deprecated
    Feature record: CXX_FEATURE:1cxx_auto_type
    Feature record: CXX_FEATURE:0cxx_binary_literals
    Feature record: CXX_FEATURE:1cxx_constexpr
    Feature record: CXX_FEATURE:0cxx_contextual_conversions
    Feature record: CXX_FEATURE:1cxx_decltype
    Feature record: CXX_FEATURE:0cxx_decltype_auto
    Feature record: CXX_FEATURE:1cxx_decltype_incomplete_return_types
    Feature record: CXX_FEATURE:1cxx_default_function_template_args
    Feature record: CXX_FEATURE:1cxx_defaulted_functions
    Feature record: CXX_FEATURE:1cxx_defaulted_move_initializers
    Feature record: CXX_FEATURE:1cxx_delegating_constructors
    Feature record: CXX_FEATURE:1cxx_deleted_functions
    Feature record: CXX_FEATURE:0cxx_digit_separators
    Feature record: CXX_FEATURE:1cxx_enum_forward_declarations
    Feature record: CXX_FEATURE:1cxx_explicit_conversions
    Feature record: CXX_FEATURE:1cxx_extended_friend_declarations
    Feature record: CXX_FEATURE:1cxx_extern_templates
    Feature record: CXX_FEATURE:1cxx_final
    Feature record: CXX_FEATURE:1cxx_func_identifier
    Feature record: CXX_FEATURE:1cxx_generalized_initializers
    Feature record: CXX_FEATURE:0cxx_generic_lambdas
    Feature record: CXX_FEATURE:1cxx_inheriting_constructors
    Feature record: CXX_FEATURE:1cxx_inline_namespaces
    Feature record: CXX_FEATURE:1cxx_lambdas
    Feature record: CXX_FEATURE:0cxx_lambda_init_captures
    Feature record: CXX_FEATURE:1cxx_local_type_template_args
    Feature record: CXX_FEATURE:1cxx_long_long_type
    Feature record: CXX_FEATURE:1cxx_noexcept
    Feature record: CXX_FEATURE:1cxx_nonstatic_member_init
    Feature record: CXX_FEATURE:1cxx_nullptr
    Feature record: CXX_FEATURE:1cxx_override
    Feature record: CXX_FEATURE:1cxx_range_for
    Feature record: CXX_FEATURE:1cxx_raw_string_literals
    Feature record: CXX_FEATURE:1cxx_reference_qualified_functions
    Feature record: CXX_FEATURE:0cxx_relaxed_constexpr
    Feature record: CXX_FEATURE:0cxx_return_type_deduction
    Feature record: CXX_FEATURE:1cxx_right_angle_brackets
    Feature record: CXX_FEATURE:1cxx_rvalue_references
    Feature record: CXX_FEATURE:1cxx_sizeof_member
    Feature record: CXX_FEATURE:1cxx_static_assert
    Feature record: CXX_FEATURE:1cxx_strong_enums
    Feature record: CXX_FEATURE:1cxx_template_template_parameters
    Feature record: CXX_FEATURE:1cxx_thread_local
    Feature record: CXX_FEATURE:1cxx_trailing_return_types
    Feature record: CXX_FEATURE:1cxx_unicode_literals
    Feature record: CXX_FEATURE:1cxx_uniform_initialization
    Feature record: CXX_FEATURE:1cxx_unrestricted_unions
    Feature record: CXX_FEATURE:1cxx_user_literals
    Feature record: CXX_FEATURE:0cxx_variable_templates
    Feature record: CXX_FEATURE:1cxx_variadic_macros
    Feature record: CXX_FEATURE:1cxx_variadic_templates


Detecting CXX [-std=c++98] compiler features compiled with the following output:
Change Dir: /users/mikuru/leveldb_revised/build/CMakeFiles/CMakeTmp

Run Build Command:"/usr/bin/make" "cmTC_e6779/fast"
/usr/bin/make -f CMakeFiles/cmTC_e6779.dir/build.make CMakeFiles/cmTC_e6779.dir/build
make[1]: Entering directory '/users/mikuru/leveldb_revised/build/CMakeFiles/CMakeTmp'
Building CXX object CMakeFiles/cmTC_e6779.dir/feature_tests.cxx.o
/usr/bin/c++    -std=c++98 -o CMakeFiles/cmTC_e6779.dir/feature_tests.cxx.o -c /users/mikuru/leveldb_revised/build/CMakeFiles/feature_tests.cxx
Linking CXX executable cmTC_e6779
/usr/bin/cmake -E cmake_link_script CMakeFiles/cmTC_e6779.dir/link.txt --verbose=1
/usr/bin/c++       CMakeFiles/cmTC_e6779.dir/feature_tests.cxx.o  -o cmTC_e6779 
make[1]: Leaving directory '/users/mikuru/leveldb_revised/build/CMakeFiles/CMakeTmp'


    Feature record: CXX_FEATURE:0cxx_aggregate_default_initializers
    Feature record: CXX_FEATURE:0cxx_alias_templates
    Feature record: CXX_FEATURE:0cxx_alignas
    Feature record: CXX_FEATURE:0cxx_alignof
    Feature record: CXX_FEATURE:0cxx_attributes
    Feature record: CXX_FEATURE:0cxx_attribute_deprecated
    Feature record: CXX_FEATURE:0cxx_auto_type
    Feature record: CXX_FEATURE:0cxx_binary_literals
    Feature record: CXX_FEATURE:0cxx_constexpr
    Feature record: CXX_FEATURE:0cxx_contextual_conversions
    Feature record: CXX_FEATURE:0cxx_decltype
    Feature record: CXX_FEATURE:0cxx_decltype_auto
    Feature record: CXX_FEATURE:0cxx_decltype_incomplete_return_types
    Feature record: CXX_FEATURE:0cxx_default_function_template_args
    Feature record: CXX_FEATURE:0cxx_defaulted_functions
    Feature record: CXX_FEATURE:0cxx_defaulted_move_initializers
    Feature record: CXX_FEATURE:0cxx_delegating_constructors
    Feature record: CXX_FEATURE:0cxx_deleted_functions
    Feature record: CXX_FEATURE:0cxx_digit_separators
    Feature record: CXX_FEATURE:0cxx_enum_forward_declarations
    Feature record: CXX_FEATURE:0cxx_explicit_conversions
    Feature record: CXX_FEATURE:0cxx_extended_friend_declarations
    Feature record: CXX_FEATURE:0cxx_extern_templates
    Feature record: CXX_FEATURE:0cxx_final
    Feature record: CXX_FEATURE:0cxx_func_identifier
    Feature record: CXX_FEATURE:0cxx_generalized_initializers
    Feature record: CXX_FEATURE:0cxx_generic_lambdas
    Feature record: CXX_FEATURE:0cxx_inheriting_constructors
    Feature record: CXX_FEATURE:0cxx_inline_namespaces
    Feature record: CXX_FEATURE:0cxx_lambdas
    Feature record: CXX_FEATURE:0cxx_lambda_init_captures
    Feature record: CXX_FEATURE:0cxx_local_type_template_args
    Feature record: CXX_FEATURE:0cxx_long_long_type
    Feature record: CXX_FEATURE:0cxx_noexcept
    Feature record: CXX_FEATURE:0cxx_nonstatic_member_init
    Feature record: CXX_FEATURE:0cxx_nullptr
    Feature record: CXX_FEATURE:0cxx_override
    Feature record: CXX_FEATURE:0cxx_range_for
    Feature record: CXX_FEATURE:0cxx_raw_string_literals
    Feature record: CXX_FEATURE:0cxx_reference_qualified_functions
    Feature record: CXX_FEATURE:0cxx_relaxed_constexpr
    Feature record: CXX_FEATURE:0cxx_return_type_deduction
    Feature record: CXX_FEATURE:0cxx_right_angle_brackets
    Feature record: CXX_FEATURE:0cxx_rvalue_references
    Feature record: CXX_FEATURE:0cxx_sizeof_member
    Feature record: CXX_FEATURE:0cxx_static_assert
    Feature record: CXX_FEATURE:0cxx_strong_enums
    Feature record: CXX_FEATURE:1cxx_template_template_parameters
    Feature record: CXX_FEATURE:0cxx_thread_local
    Feature record: CXX_FEATURE:0cxx_trailing_return_types
    Feature record: CXX_FEATURE:0cxx_unicode_literals
    Feature record: CXX_FEATURE:0cxx_uniform_initialization
    Feature record: CXX_FEATURE:0cxx_unrestricted_unions
    Feature record: CXX_FEATURE:0cxx_user_literals
    Feature record: CXX_FEATURE:0cxx_variable_templates
    Feature record: CXX_FEATURE:0cxx_variadic_macros
    Feature record: CXX_FEATURE:0cxx_variadic_templates
Determining if the include file unistd.h exists passed with the following output:
Change Dir: /users/mikuru/leveldb_revised/build/CMakeFiles/CMakeTmp

Run Build Command:"/usr/bin/make" "cmTC_a26b1/fast"
/usr/bin/make -f CMakeFiles/cmTC_a26b1.dir/build.make CMakeFiles/cmTC_a26b1.dir/build
make[1]: Entering directory '/users/mikuru/leveldb_revised/build/CMakeFiles/CMakeTmp'
Building C object CMakeFiles/cmTC_a26b1.dir/CheckIncludeFile.c.o
/usr/bin/cc   -std=c11 -o CMakeFiles/cmTC_a26b1.dir/CheckIncludeFile.c.o   -c /users/mikuru/leveldb_revised/build/CMakeFiles/CMakeTmp/CheckIncludeFile.c
Linking C executable cmTC_a26b1
/usr/bin/cmake -E cmake_link_script CMakeFiles/cmTC_a26b1.dir/link.txt --verbose=1
/usr/bin/cc      CMakeFiles/cmTC_a26b1.dir/CheckIncludeFile.c.o  -o cmTC_a26b1 
make[1]: Leaving directory '/users/mikuru/leveldb_revised/build/CMakeFiles/CMakeTmp'


Determining if the function snappy_compress exists in the snappy passed with the following output:
Change Dir: /users/mikuru/leveldb_revised/build/CMakeFiles/CMakeTmp

Run Build Command:"/usr/bin/make" "cmTC_652b8/fast"
/usr/bin/make -f CMakeFiles/cmTC_652b8.dir/build.make CMakeFiles/cmTC_652b8.dir/build
make[1]: Entering directory '/users/mikuru/leveldb_revised/build/CMakeFiles/CMakeTmp'
Building C object CMakeFiles/cmTC_652b8.dir/CheckFunctionExists.c.o
/usr/bin/cc   -DCHECK_FUNCTION_EXISTS=snappy_compress   -std=c11 -o CMakeFiles/cmTC_652b8.dir/CheckFunctionExists.c.o   -c /usr/share/cmake-3.10/Modules/CheckFunctionExists.c
Linking C executable cmTC_652b8
/usr/bin/cmake -E cmake_link_script CMakeFiles/cmTC_652b8.dir/link.txt --verbose=1
/usr/bin/cc  -DCHECK_FUNCTION_EXISTS=snappy_compress    CMakeFiles/cmTC_652b8.dir/CheckFunctionExists.c.o  -o cmTC_652b8 -lsnappy 
make[1]: Leaving directory '/users/mikuru/leveldb_revised/build/CMakeFiles/CMakeTmp'


Determining if the fdatasync exist passed with the following output:
Change Dir: /users/mikuru/leveldb_revised/build/CMakeFiles/CMakeTmp

Run Build Command:"/usr/bin/make" "cmTC_d1e3f/fast"
/usr/bin/make -f CMakeFiles/cmTC_d1e3f.dir/build.make CMakeFiles/cmTC_d1e3f.dir/build
make[1]: Entering directory '/users/mikuru/leveldb_revised/build/CMakeFiles/CMakeTmp'
Building CXX object CMakeFiles/cmTC_d1e3f.dir/CheckSymbolExists.cxx.o
/usr/bin/c++    -std=c++11 -o CMakeFiles/cmTC_d1e3f.dir/CheckSymbolExists.cxx.o -c /users/mikuru/leveldb_revised/build/CMakeFiles/CMakeTmp/CheckSymbolExists.cxx
Linking CXX executable cmTC_d1e3f
/usr/bin/cmake -E cmake_link_script CMakeFiles/cmTC_d1e3f.dir/link.txt --verbose=1
/usr/bin/c++       CMakeFiles/cmTC_d1e3f.dir/CheckSymbolExists.cxx.o  -o cmTC_d1e3f 
make[1]: Leaving directory '/users/mikuru/leveldb_revised/build/CMakeFiles/CMakeTmp'

File /users/mikuru/leveldb_revised/build/CMakeFiles/CMakeTmp/CheckSymbolExists.cxx:
/* */
#include <unistd.h>

int main(int argc, char** argv)
{
  (void)argv;
#ifndef fdatasync
  return ((int*)(&fdatasync))[argc];
#else
  (void)argc;
  return 0;
#endif
}

Determining if the O_CLOEXEC exist passed with the following output:
Change Dir: /users/mikuru/leveldb_revised/build/CMakeFiles/CMakeTmp

Run Build Command:"/usr/bin/make" "cmTC_f5dc3/fast"
/usr/bin/make -f CMakeFiles/cmTC_f5dc3.dir/build.make CMakeFiles/cmTC_f5dc3.dir/build
make[1]: Entering directory '/users/mikuru/leveldb_revised/build/CMakeFiles/CMakeTmp'
Building CXX object CMakeFiles/cmTC_f5dc3.dir/CheckSymbolExists.cxx.o
/usr/bin/c++    -std=c++11 -o CMakeFiles/cmTC_f5dc3.dir/CheckSymbolExists.cxx.o -c /users/mikuru/leveldb_revised/build/CMakeFiles/CMakeTmp/CheckSymbolExists.cxx
Linking CXX executable cmTC_f5dc3
/usr/bin/cmake -E cmake_link_script CMakeFiles/cmTC_f5dc3.dir/link.txt --verbose=1
/usr/bin/c++       CMakeFiles/cmTC_f5dc3.dir/CheckSymbolExists.cxx.o  -o cmTC_f5dc3 
make[1]: Leaving directory '/users/mikuru/leveldb_revised/build/CMakeFiles/CMakeTmp'

File /users/mikuru/leveldb_revised/build/CMakeFiles/CMakeTmp/CheckSymbolExists.cxx:
/* */
#include <fcntl.h>

int main(int argc, char** argv)
{
  (void)argv;
#ifndef O_CLOEXEC
  return ((int*)(&O_CLOEXEC))[argc];
#else
  (void)argc;
  return 0;
#endif
}

Performing C++ SOURCE FILE Test LEVELDB_HAVE_NO_MISSING_FIELD_INITIALIZERS succeeded with the following output:
Change Dir: /users/mikuru/leveldb_revised/build/CMakeFiles/CMakeTmp

Run Build Command:"/usr/bin/make" "cmTC_9222c/fast"
/usr/bin/make -f CMakeFiles/cmTC_9222c.dir/build.make CMakeFiles/cmTC_9222c.dir/build
make[1]: Entering directory '/users/mikuru/leveldb_revised/build/CMakeFiles/CMakeTmp'
Building CXX object CMakeFiles/cmTC_9222c.dir/src.cxx.o
/usr/bin/c++    -fno-exceptions -fno-rtti -DLEVELDB_HAVE_NO_MISSING_FIELD_INITIALIZERS   -Wno-missing-field-initializers -std=c++11 -o CMakeFiles/cmTC_9222c.dir/src.cxx.o -c /users/mikuru/leveldb_revised/build/CMakeFiles/CMakeTmp/src.cxx
Linking CXX executable cmTC_9222c
/usr/bin/cmake -E cmake_link_script CMakeFiles/cmTC_9222c.dir/link.txt --verbose=1
/usr/bin/c++   -fno-exceptions -fno-rtti -DLEVELDB_HAVE_NO_MISSING_FIELD_INITIALIZERS    CMakeFiles/cmTC_9222c.dir/src.cxx.o  -o cmTC_9222c 
make[1]: Leaving directory '/users/mikuru/leveldb_revised/build/CMakeFiles/CMakeTmp'

Source file was:
int main() { return 0; }
Performing C++ SOURCE FILE Test HAVE_CXX17_HAS_INCLUDE succeeded with the following output:
Change Dir: /users/mikuru/leveldb_revised/build/CMakeFiles/CMakeTmp

Run Build Command:"/usr/bin/make" "cmTC_92a6f/fast"
/usr/bin/make -f CMakeFiles/cmTC_92a6f.dir/build.make CMakeFiles/cmTC_92a6f.dir/build
make[1]: Entering directory '/users/mikuru/leveldb_revised/build/CMakeFiles/CMakeTmp'
Building CXX object CMakeFiles/cmTC_92a6f.dir/src.cxx.o
/usr/bin/c++    -fno-exceptions -fno-rtti -DHAVE_CXX17_HAS_INCLUDE   -std=c++11 -o CMakeFiles/cmTC_92a6f.dir/src.cxx.o -c /users/mikuru/leveldb_revised/build/CMakeFiles/CMakeTmp/src.cxx
Linking CXX executable cmTC_92a6f
/usr/bin/cmake -E cmake_link_script CMakeFiles/cmTC_92a6f.dir/link.txt --verbose=1
/usr/bin/c++   -fno-exceptions -fno-rtti -DHAVE_CXX17_HAS_INCLUDE    CMakeFiles/cmTC_92a6f.dir/src.cxx.o  -o cmTC_92a6f 
make[1]: Leaving directory '/users/mikuru/leveldb_revised/build/CMakeFiles/CMakeTmp'

Source file was:

#if defined(__has_include) &&  __has_include(<string>)
#include <string>
#endif
int main() { std::string str; return 0; }

Determining if the include file pthread.h exists passed with the following output:
Change Dir: /users/mikuru/leveldb_revised/build/CMakeFiles/CMakeTmp

Run Build Command:"/usr/bin/make" "cmTC_1694d/fast"
/usr/bin/make -f CMakeFiles/cmTC_1694d.dir/build.make CMakeFiles/cmTC_1694d.dir/build
make[1]: Entering directory '/users/mikuru/leveldb_revised/build/CMakeFiles/CMakeTmp'
Building C object CMakeFiles/cmTC_1694d.dir/CheckIncludeFile.c.o
/usr/bin/cc   -Wstrict-prototypes    -std=c11 -o CMakeFiles/cmTC_1694d.dir/CheckIncludeFile.c.o   -c /users/mikuru/leveldb_revised/build/CMakeFiles/CMakeTmp/CheckIncludeFile.c
Linking C executable cmTC_1694d
/usr/bin/cmake -E cmake_link_script CMakeFiles/cmTC_1694d.dir/link.txt --verbose=1
/usr/bin/cc  -Wstrict-prototypes     CMakeFiles/cmTC_1694d.dir/CheckIncludeFile.c.o  -o cmTC_1694d 
make[1]: Leaving directory '/users/mikuru/leveldb_revised/build/CMakeFiles/CMakeTmp'


Determining if the function pthread_create exists in the pthread passed with the following output:
Change Dir: /users/mikuru/leveldb_revised/build/CMakeFiles/CMakeTmp

Run Build Command:"/usr/bin/make" "cmTC_7d3eb/fast"
/usr/bin/make -f CMakeFiles/cmTC_7d3eb.dir/build.make CMakeFiles/cmTC_7d3eb.dir/build
make[1]: Entering directory '/users/mikuru/leveldb_revised/build/CMakeFiles/CMakeTmp'
Building C object CMakeFiles/cmTC_7d3eb.dir/CheckFunctionExists.c.o
/usr/bin/cc   -Wstrict-prototypes -DCHECK_FUNCTION_EXISTS=pthread_create   -std=c11 -o CMakeFiles/cmTC_7d3eb.dir/CheckFunctionExists.c.o   -c /usr/share/cmake-3.10/Modules/CheckFunctionExists.c
Linking C executable cmTC_7d3eb
/usr/bin/cmake -E cmake_link_script CMakeFiles/cmTC_7d3eb.dir/link.txt --verbose=1
/usr/bin/cc  -Wstrict-prototypes -DCHECK_FUNCTION_EXISTS=pthread_create    CMakeFiles/cmTC_7d3eb.dir/CheckFunctionExists.c.o  -o cmTC_7d3eb -lpthread 
make[1]: Leaving directory '/users/mikuru/leveldb_revised/build/CMakeFiles/CMakeTmp'


Performing C++ SOURCE FILE Test HAVE_CXX_FLAG_STD_CXX11 succeeded with the following output:
Change Dir: /users/mikuru/leveldb_revised/build/CMakeFiles/CMakeTmp

Run Build Command:"/usr/bin/make" "cmTC_fb13e/fast"
/usr/bin/make -f CMakeFiles/cmTC_fb13e.dir/build.make CMakeFiles/cmTC_fb13e.dir/build
make[1]: Entering directory '/users/mikuru/leveldb_revised/build/CMakeFiles/CMakeTmp'
Building CXX object CMakeFiles/cmTC_fb13e.dir/src.cxx.o
/usr/bin/c++    -fno-exceptions -fno-rtti -DHAVE_CXX_FLAG_STD_CXX11  -std=c++11   -std=c++11 -o CMakeFiles/cmTC_fb13e.dir/src.cxx.o -c /users/mikuru/leveldb_revised/build/CMakeFiles/CMakeTmp/src.cxx
Linking CXX executable cmTC_fb13e
/usr/bin/cmake -E cmake_link_script CMakeFiles/cmTC_fb13e.dir/link.txt --verbose=1
/usr/bin/c++   -fno-exceptions -fno-rtti -DHAVE_CXX_FLAG_STD_CXX11  -std=c++11    CMakeFiles/cmTC_fb13e.dir/src.cxx.o  -o cmTC_fb13e 
make[1]: Leaving directory '/users/mikuru/leveldb_revised/build/CMakeFiles/CMakeTmp'

Source file was:
int main() { return 0; }
Performing C++ SOURCE FILE Test HAVE_CXX_FLAG_WALL succeeded with the following output:
Change Dir: /users/mikuru/leveldb_revised/build/CMakeFiles/CMakeTmp

Run Build Command:"/usr/bin/make" "cmTC_afa7e/fast"
/usr/bin/make -f CMakeFiles/cmTC_afa7e.dir/build.make CMakeFiles/cmTC_afa7e.dir/build
make[1]: Entering directory '/users/mikuru/leveldb_revised/build/CMakeFiles/CMakeTmp'
Building CXX object CMakeFiles/cmTC_afa7e.dir/src.cxx.o
/usr/bin/c++    -fno-exceptions -fno-rtti  -std=c++11 -DHAVE_CXX_FLAG_WALL  -Wall   -Wall -o CMakeFiles/cmTC_afa7e.dir/src.cxx.o -c /users/mikuru/leveldb_revised/build/CMakeFiles/CMakeTmp/src.cxx
Linking CXX executable cmTC_afa7e
/usr/bin/cmake -E cmake_link_script CMakeFiles/cmTC_afa7e.dir/link.txt --verbose=1
/usr/bin/c++   -fno-exceptions -fno-rtti  -std=c++11 -DHAVE_CXX_FLAG_WALL  -Wall    CMakeFiles/cmTC_afa7e.dir/src.cxx.o  -o cmTC_afa7e 
make[1]: Leaving directory '/users/mikuru/leveldb_revised/build/CMakeFiles/CMakeTmp'

Source file was:
int main() { return 0; }
Performing C++ SOURCE FILE Test HAVE_CXX_FLAG_WEXTRA succeeded with the following output:
Change Dir: /users/mikuru/leveldb_revised/build/CMakeFiles/CMakeTmp

Run Build Command:"/usr/bin/make" "cmTC_2b863/fast"
/usr/bin/make -f CMakeFiles/cmTC_2b863.dir/build.make CMakeFiles/cmTC_2b863.dir/build
make[1]: Entering directory '/users/mikuru/leveldb_revised/build/CMakeFiles/CMakeTmp'
Building CXX object CMakeFiles/cmTC_2b863.dir/src.cxx.o
/usr/bin/c++    -fno-exceptions -fno-rtti  -std=c++11  -Wall -DHAVE_CXX_FLAG_WEXTRA  -Wextra   -Wextra -o CMakeFiles/cmTC_2b863.dir/src.cxx.o -c /users/mikuru/leveldb_revised/build/CMakeFiles/CMakeTmp/src.cxx
Linking CXX executable cmTC_2b863
/usr/bin/cmake -E cmake_link_script CMakeFiles/cmTC_2b863.dir/link.txt --verbose=1
/usr/bin/c++   -fno-exceptions -fno-rtti  -std=c++11  -Wall -DHAVE_CXX_FLAG_WEXTRA  -Wextra    CMakeFiles/cmTC_2b863.dir/src.cxx.o  -o cmTC_2b863 
make[1]: Leaving directory '/users/mikuru/leveldb_revised/build/CMakeFiles/CMakeTmp'

Source file was:
int main() { return 0; }
Performing C++ SOURCE FILE Test HAVE_CXX_FLAG_WSHADOW succeeded with the following output:
Change Dir: /users/mikuru/leveldb_revised/build/CMakeFiles/CMakeTmp

Run Build Command:"/usr/bin/make" "cmTC_e89cf/fast"
/usr/bin/make -f CMakeFiles/cmTC_e89cf.dir/build.make CMakeFiles/cmTC_e89cf.dir/build
make[1]: Entering directory '/users/mikuru/leveldb_revised/build/CMakeFiles/CMakeTmp'
Building CXX object CMakeFiles/cmTC_e89cf.dir/src.cxx.o
/usr/bin/c++    -fno-exceptions -fno-rtti  -std=c++11  -Wall  -Wextra -DHAVE_CXX_FLAG_WSHADOW  -Wshadow   -Wshadow -o CMakeFiles/cmTC_e89cf.dir/src.cxx.o -c /users/mikuru/leveldb_revised/build/CMakeFiles/CMakeTmp/src.cxx
Linking CXX executable cmTC_e89cf
/usr/bin/cmake -E cmake_link_script CMakeFiles/cmTC_e89cf.dir/link.txt --verbose=1
/usr/bin/c++   -fno-exceptions -fno-rtti  -std=c++11  -Wall  -Wextra -DHAVE_CXX_FLAG_WSHADOW  -Wshadow    CMakeFiles/cmTC_e89cf.dir/src.cxx.o  -o cmTC_e89cf 
make[1]: Leaving directory '/users/mikuru/leveldb_revised/build/CMakeFiles/CMakeTmp'

Source file was:
int main() { return 0; }
Performing C++ SOURCE FILE Test HAVE_CXX_FLAG_WERROR succeeded with the following output:
Change Dir: /users/mikuru/leveldb_revised/build/CMakeFiles/CMakeTmp

Run Build Command:"/usr/bin/make" "cmTC_ddfad/fast"
/usr/bin/make -f CMakeFiles/cmTC_ddfad.dir/build.make CMakeFiles/cmTC_ddfad.dir/build
make[1]: Entering directory '/users/mikuru/leveldb_revised/build/CMakeFiles/CMakeTmp'
Building CXX object CMakeFiles/cmTC_ddfad.dir/src.cxx.o
/usr/bin/c++    -fno-exceptions -fno-rtti  -std=c++11  -Wall  -Wextra  -Wshadow -DHAVE_CXX_FLAG_WERROR  -Werror   -Werror -o CMakeFiles/cmTC_ddfad.dir/src.cxx.o -c /users/mikuru/leveldb_revised/build/CMakeFiles/CMakeTmp/src.cxx
Linking CXX executable cmTC_ddfad
/usr/bin/cmake -E cmake_link_script CMakeFiles/cmTC_ddfad.dir/link.txt --verbose=1
/usr/bin/c++   -fno-exceptions -fno-rtti  -std=c++11  -Wall  -Wextra  -Wshadow -DHAVE_CXX_FLAG_WERROR  -Werror    CMakeFiles/cmTC_ddfad.dir/src.cxx.o  -o cmTC_ddfad 
make[1]: Leaving directory '/users/mikuru/leveldb_revised/build/CMakeFiles/CMakeTmp'

Source file was:
int main() { return 0; }
Performing C++ SOURCE FILE Test HAVE_CXX_FLAG_FSTRICT_ALIASING succeeded with the following output:
Change Dir: /users/mikuru/leveldb_revised/build/CMakeFiles/CMakeTmp

Run Build Command:"/usr/bin/make" "cmTC_452bc/fast"
/usr/bin/make -f CMakeFiles/cmTC_452bc.dir/build.make CMakeFiles/cmTC_452bc.dir/build
make[1]: Entering directory '/users/mikuru/leveldb_revised/build/CMakeFiles/CMakeTmp'
Building CXX object CMakeFiles/cmTC_452bc.dir/src.cxx.o
/usr/bin/c++    -fno-exceptions -fno-rtti  -std=c++11  -Wall  -Wextra  -Wshadow -DHAVE_CXX_FLAG_FSTRICT_ALIASING  -fstrict-aliasing   -fstrict-aliasing -o CMakeFiles/cmTC_452bc.dir/src.cxx.o -c /users/mikuru/leveldb_revised/build/CMakeFiles/CMakeTmp/src.cxx
Linking CXX executable cmTC_452bc
/usr/bin/cmake -E cmake_link_script CMakeFiles/cmTC_452bc.dir/link.txt --verbose=1
/usr/bin/c++   -fno-exceptions -fno-rtti  -std=c++11  -Wall  -Wextra  -Wshadow -DHAVE_CXX_FLAG_FSTRICT_ALIASING  -fstrict-aliasing    CMakeFiles/cmTC_452bc.dir/src.cxx.o  -o cmTC_452bc 
make[1]: Leaving directory '/users/mikuru/leveldb_revised/build/CMakeFiles/CMakeTmp'

Source file was:
int main() { return 0; }
Performing C++ SOURCE FILE Test HAVE_CXX_FLAG_WNO_DEPRECATED_DECLARATIONS succeeded with the following output:
Change Dir: /users/mikuru/leveldb_revised/build/CMakeFiles/CMakeTmp

Run Build Command:"/usr/bin/make" "cmTC_6b475/fast"
/usr/bin/make -f CMakeFiles/cmTC_6b475.dir/build.make CMakeFiles/cmTC_6b475.dir/build
make[1]: Entering directory '/users/mikuru/leveldb_revised/build/CMakeFiles/CMakeTmp'
Building CXX object CMakeFiles/cmTC_6b475.dir/src.cxx.o
/usr/bin/c++    -fno-exceptions -fno-rtti  -std=c++11  -Wall  -Wextra  -Wshadow  -fstrict-aliasing -DHAVE_CXX_FLAG_WNO_DEPRECATED_DECLARATIONS  -Wno-deprecated-declarations   -Wno-deprecated-declarations -o CMakeFiles/cmTC_6b475.dir/src.cxx.o -c /users/mikuru/leveldb_revised/build/CMakeFiles/CMakeTmp/src.cxx
Linking CXX executable cmTC_6b475
/usr/bin/cmake -E cmake_link_script CMakeFiles/cmTC_6b475.dir/link.txt --verbose=1
/usr/bin/c++   -fno-exceptions -fno-rtti  -std=c++11  -Wall  -Wextra  -Wshadow  -fstrict-aliasing -DHAVE_CXX_FLAG_WNO_DEPRECATED_DECLARATIONS  -Wno-deprecated-declarations    CMakeFiles/cmTC_6b475.dir/src.cxx.o  -o cmTC_6b475 
make[1]: Leaving directory '/users/mikuru/leveldb_revised/build/CMakeFiles/CMakeTmp'

Source file was:
int main() { return 0; }
Performing C++ SOURCE FILE Test HAVE_CXX_FLAG_WNO_DEPRECATED succeeded with the following output:
Change Dir: /users/mikuru/leveldb_revised/build/CMakeFiles/CMakeTmp

Run Build Command:"/usr/bin/make" "cmTC_c99b0/fast"
/usr/bin/make -f CMakeFiles/cmTC_c99b0.dir/build.make CMakeFiles/cmTC_c99b0.dir/build
make[1]: Entering directory '/users/mikuru/leveldb_revised/build/CMakeFiles/CMakeTmp'
Building CXX object CMakeFiles/cmTC_c99b0.dir/src.cxx.o
/usr/bin/c++    -fno-exceptions -fno-rtti  -std=c++11  -Wall  -Wextra  -Wshadow  -fstrict-aliasing  -Wno-deprecated-declarations -DHAVE_CXX_FLAG_WNO_DEPRECATED  -Wno-deprecated   -Wno-deprecated -o CMakeFiles/cmTC_c99b0.dir/src.cxx.o -c /users/mikuru/leveldb_revised/build/CMakeFiles/CMakeTmp/src.cxx
Linking CXX executable cmTC_c99b0
/usr/bin/cmake -E cmake_link_script CMakeFiles/cmTC_c99b0.dir/link.txt --verbose=1
/usr/bin/c++   -fno-exceptions -fno-rtti  -std=c++11  -Wall  -Wextra  -Wshadow  -fstrict-aliasing  -Wno-deprecated-declarations -DHAVE_CXX_FLAG_WNO_DEPRECATED  -Wno-deprecated    CMakeFiles/cmTC_c99b0.dir/src.cxx.o  -o cmTC_c99b0 
make[1]: Leaving directory '/users/mikuru/leveldb_revised/build/CMakeFiles/CMakeTmp'

Source file was:
int main() { return 0; }
Performing C++ SOURCE FILE Test HAVE_CXX_FLAG_FNO_EXCEPTIONS succeeded with the following output:
Change Dir: /users/mikuru/leveldb_revised/build/CMakeFiles/CMakeTmp

Run Build Command:"/usr/bin/make" "cmTC_97232/fast"
/usr/bin/make -f CMakeFiles/cmTC_97232.dir/build.make CMakeFiles/cmTC_97232.dir/build
make[1]: Entering directory '/users/mikuru/leveldb_revised/build/CMakeFiles/CMakeTmp'
Building CXX object CMakeFiles/cmTC_97232.dir/src.cxx.o
/usr/bin/c++    -fno-exceptions -fno-rtti  -std=c++11  -Wall  -Wextra  -Wshadow  -fstrict-aliasing  -Wno-deprecated-declarations -DHAVE_CXX_FLAG_FNO_EXCEPTIONS  -fno-exceptions   -fno-exceptions -o CMakeFiles/cmTC_97232.dir/src.cxx.o -c /users/mikuru/leveldb_revised/build/CMakeFiles/CMakeTmp/src.cxx
Linking CXX executable cmTC_97232
/usr/bin/cmake -E cmake_link_script CMakeFiles/cmTC_97232.dir/link.txt --verbose=1
/usr/bin/c++   -fno-exceptions -fno-rtti  -std=c++11  -Wall  -Wextra  -Wshadow  -fstrict-aliasing  -Wno-deprecated-declarations -DHAVE_CXX_FLAG_FNO_EXCEPTIONS  -fno-exceptions    CMakeFiles/cmTC_97232.dir/src.cxx.o  -o cmTC_97232 
make[1]: Leaving directory '/users/mikuru/leveldb_revised/build/CMakeFiles/CMakeTmp'

Source file was:
int main() { return 0; }
Performing C++ SOURCE FILE Test HAVE_CXX_FLAG_WSTRICT_ALIASING succeeded with the following output:
Change Dir: /users/mikuru/leveldb_revised/build/CMakeFiles/CMakeTmp

Run Build Command:"/usr/bin/make" "cmTC_2200f/fast"
/usr/bin/make -f CMakeFiles/cmTC_2200f.dir/build.make CMakeFiles/cmTC_2200f.dir/build
make[1]: Entering directory '/users/mikuru/leveldb_revised/build/CMakeFiles/CMakeTmp'
Building CXX object CMakeFiles/cmTC_2200f.dir/src.cxx.o
/usr/bin/c++    -fno-exceptions -fno-rtti  -std=c++11  -Wall  -Wextra  -Wshadow  -fstrict-aliasing  -Wno-deprecated-declarations  -fno-exceptions -DHAVE_CXX_FLAG_WSTRICT_ALIASING  -Wstrict-aliasing   -Wstrict-aliasing -o CMakeFiles/cmTC_2200f.dir/src.cxx.o -c /users/mikuru/leveldb_revised/build/CMakeFiles/CMakeTmp/src.cxx
Linking CXX executable cmTC_2200f
/usr/bin/cmake -E cmake_link_script CMakeFiles/cmTC_2200f.dir/link.txt --verbose=1
/usr/bin/c++   -fno-exceptions -fno-rtti  -std=c++11  -Wall  -Wextra  -Wshadow  -fstrict-aliasing  -Wno-deprecated-declarations  -fno-exceptions -DHAVE_CXX_FLAG_WSTRICT_ALIASING  -Wstrict-aliasing    CMakeFiles/cmTC_2200f.dir/src.cxx.o  -o cmTC_2200f 
make[1]: Leaving directory '/users/mikuru/leveldb_revised/build/CMakeFiles/CMakeTmp'

Source file was:
int main() { return 0; }
Performing C++ SOURCE FILE Test HAVE_CXX_FLAG_COVERAGE succeeded with the following output:
Change Dir: /users/mikuru/leveldb_revised/build/CMakeFiles/CMakeTmp

Run Build Command:"/usr/bin/make" "cmTC_0daa0/fast"
/usr/bin/make -f CMakeFiles/cmTC_0daa0.dir/build.make CMakeFiles/cmTC_0daa0.dir/build
make[1]: Entering directory '/users/mikuru/leveldb_revised/build/CMakeFiles/CMakeTmp'
Building CXX object CMakeFiles/cmTC_0daa0.dir/src.cxx.o
/usr/bin/c++    -fno-exceptions -fno-rtti  -std=c++11  -Wall  -Wextra  -Wshadow  -fstrict-aliasing  -Wno-deprecated-declarations  -fno-exceptions  -Wstrict-aliasing -DHAVE_CXX_FLAG_COVERAGE  --coverage   --coverage -o CMakeFiles/cmTC_0daa0.dir/src.cxx.o -c /users/mikuru/leveldb_revised/build/CMakeFiles/CMakeTmp/src.cxx
Linking CXX executable cmTC_0daa0
/usr/bin/cmake -E cmake_link_script CMakeFiles/cmTC_0daa0.dir/link.txt --verbose=1
/usr/bin/c++   -fno-exceptions -fno-rtti  -std=c++11  -Wall  -Wextra  -Wshadow  -fstrict-aliasing  -Wno-deprecated-declarations  -fno-exceptions  -Wstrict-aliasing -DHAVE_CXX_FLAG_COVERAGE  --coverage    CMakeFiles/cmTC_0daa0.dir/src.cxx.o  -o cmTC_0daa0 
make[1]: Leaving directory '/users/mikuru/leveldb_revised/build/CMakeFiles/CMakeTmp'

Source file was:
int main() { return 0; }
